{
  error: ReferenceError: auth is not defined
      at Object.<anonymous> (C:\Users\gulka\Documents\VSC\libraryApi\routes\categories.js:40:19)
      at Module._compile (node:internal/modules/cjs/loader:1467:14)
      at Module._extensions..js (node:internal/modules/cjs/loader:1551:10)
      at Module.load (node:internal/modules/cjs/loader:1282:32)
      at Module._load (node:internal/modules/cjs/loader:1098:12)
      at TracingChannel.traceSync (node:diagnostics_channel:315:14)
      at wrapModuleLoad (node:internal/modules/cjs/loader:215:24)
      at Module.require (node:internal/modules/cjs/loader:1304:12)
      at require (node:internal/modules/helpers:123:16)
      at Object.<anonymous> (C:\Users\gulka\Documents\VSC\libraryApi\startup\routes.js:3:20),
  level: 'error',
  message: 'uncaughtException: auth is not defined\n' +
    'ReferenceError: auth is not defined\n' +
    '    at Object.<anonymous> (C:\\Users\\gulka\\Documents\\VSC\\libraryApi\\routes\\categories.js:40:19)\n' +
    '    at Module._compile (node:internal/modules/cjs/loader:1467:14)\n' +
    '    at Module._extensions..js (node:internal/modules/cjs/loader:1551:10)\n' +
    '    at Module.load (node:internal/modules/cjs/loader:1282:32)\n' +
    '    at Module._load (node:internal/modules/cjs/loader:1098:12)\n' +
    '    at TracingChannel.traceSync (node:diagnostics_channel:315:14)\n' +
    '    at wrapModuleLoad (node:internal/modules/cjs/loader:215:24)\n' +
    '    at Module.require (node:internal/modules/cjs/loader:1304:12)\n' +
    '    at require (node:internal/modules/helpers:123:16)\n' +
    '    at Object.<anonymous> (C:\\Users\\gulka\\Documents\\VSC\\libraryApi\\startup\\routes.js:3:20)',
  stack: 'ReferenceError: auth is not defined\n' +
    '    at Object.<anonymous> (C:\\Users\\gulka\\Documents\\VSC\\libraryApi\\routes\\categories.js:40:19)\n' +
    '    at Module._compile (node:internal/modules/cjs/loader:1467:14)\n' +
    '    at Module._extensions..js (node:internal/modules/cjs/loader:1551:10)\n' +
    '    at Module.load (node:internal/modules/cjs/loader:1282:32)\n' +
    '    at Module._load (node:internal/modules/cjs/loader:1098:12)\n' +
    '    at TracingChannel.traceSync (node:diagnostics_channel:315:14)\n' +
    '    at wrapModuleLoad (node:internal/modules/cjs/loader:215:24)\n' +
    '    at Module.require (node:internal/modules/cjs/loader:1304:12)\n' +
    '    at require (node:internal/modules/helpers:123:16)\n' +
    '    at Object.<anonymous> (C:\\Users\\gulka\\Documents\\VSC\\libraryApi\\startup\\routes.js:3:20)',
  exception: true,
  date: 'Sat Jul 06 2024 14:33:51 GMT+0300 (GMT+03:00)',
  process: {
    pid: 9192,
    uid: null,
    gid: null,
    cwd: 'C:\\Users\\gulka\\Documents\\VSC\\libraryApi',
    execPath: 'C:\\Program Files\\nodejs\\node.exe',
    version: 'v22.4.0',
    argv: [
      'C:\\Program Files\\nodejs\\node.exe',
      'C:\\Users\\gulka\\Documents\\VSC\\libraryApi\\app.js'
    ],
    memoryUsage: {
      rss: 87371776,
      heapTotal: 62513152,
      heapUsed: 37015784,
      external: 38795336,
      arrayBuffers: 36508199
    }
  },
  os: { loadavg: [ 0, 0, 0 ], uptime: 5105.687 },
  trace: [
    {
      column: 19,
      file: 'C:\\Users\\gulka\\Documents\\VSC\\libraryApi\\routes\\categories.js',
      function: null,
      line: 40,
      method: null,
      native: false
    },
    {
      column: 14,
      file: 'node:internal/modules/cjs/loader',
      function: 'Module._compile',
      line: 1467,
      method: '_compile',
      native: false
    },
    {
      column: 10,
      file: 'node:internal/modules/cjs/loader',
      function: 'Module._extensions..js',
      line: 1551,
      method: '.js',
      native: false
    },
    {
      column: 32,
      file: 'node:internal/modules/cjs/loader',
      function: 'Module.load',
      line: 1282,
      method: 'load',
      native: false
    },
    {
      column: 12,
      file: 'node:internal/modules/cjs/loader',
      function: 'Module._load',
      line: 1098,
      method: '_load',
      native: false
    },
    {
      column: 14,
      file: 'node:diagnostics_channel',
      function: 'TracingChannel.traceSync',
      line: 315,
      method: 'traceSync',
      native: false
    },
    {
      column: 24,
      file: 'node:internal/modules/cjs/loader',
      function: 'wrapModuleLoad',
      line: 215,
      method: null,
      native: false
    },
    {
      column: 12,
      file: 'node:internal/modules/cjs/loader',
      function: 'Module.require',
      line: 1304,
      method: 'require',
      native: false
    },
    {
      column: 16,
      file: 'node:internal/modules/helpers',
      function: 'require',
      line: 123,
      method: null,
      native: false
    },
    {
      column: 20,
      file: 'C:\\Users\\gulka\\Documents\\VSC\\libraryApi\\startup\\routes.js',
      function: null,
      line: 3,
      method: null,
      native: false
    }
  ],
  timestamp: 'Jul-06-2024 14:33:51'
}
{
  level: 'error',
  message: "Cannot read properties of undefined (reading 'filename') Cannot read properties of undefined (reading 'filename')",
  stack: "TypeError: Cannot read properties of undefined (reading 'filename')\n" +
    '    at C:\\Users\\gulka\\Documents\\VSC\\libraryApi\\routes\\books.js:54:29\n' +
    '    at newFn (C:\\Users\\gulka\\Documents\\VSC\\libraryApi\\node_modules\\express-async-errors\\index.js:16:20)\n' +
    '    at Layer.handle [as handle_request] (C:\\Users\\gulka\\Documents\\VSC\\libraryApi\\node_modules\\express\\lib\\router\\layer.js:95:5)\n' +
    '    at next (C:\\Users\\gulka\\Documents\\VSC\\libraryApi\\node_modules\\express\\lib\\router\\route.js:144:13)\n' +
    '    at done (C:\\Users\\gulka\\Documents\\VSC\\libraryApi\\node_modules\\multer\\lib\\make-middleware.js:45:7)\n' +
    '    at indicateDone (C:\\Users\\gulka\\Documents\\VSC\\libraryApi\\node_modules\\multer\\lib\\make-middleware.js:49:68)\n' +
    '    at Multipart.<anonymous> (C:\\Users\\gulka\\Documents\\VSC\\libraryApi\\node_modules\\multer\\lib\\make-middleware.js:166:7)\n' +
    '    at Multipart.emit (node:events:520:28)\n' +
    '    at emitCloseNT (node:internal/streams/destroy:148:10)\n' +
    '    at process.processTicksAndRejections (node:internal/process/task_queues:81:21)',
  timestamp: 'Jul-06-2024 17:15:35'
}
{
  error: C:\Users\gulka\Documents\VSC\libraryApi\routes\books.js:55
      });
      ^
  
  SyntaxError: Unexpected token '}'
      at wrapSafe (node:internal/modules/cjs/loader:1383:18)
      at Module._compile (node:internal/modules/cjs/loader:1412:20)
      at Module._extensions..js (node:internal/modules/cjs/loader:1551:10)
      at Module.load (node:internal/modules/cjs/loader:1282:32)
      at Module._load (node:internal/modules/cjs/loader:1098:12)
      at TracingChannel.traceSync (node:diagnostics_channel:315:14)
      at wrapModuleLoad (node:internal/modules/cjs/loader:215:24)
      at Module.require (node:internal/modules/cjs/loader:1304:12)
      at require (node:internal/modules/helpers:123:16)
      at Object.<anonymous> (C:\Users\gulka\Documents\VSC\libraryApi\startup\routes.js:2:15),
  level: 'error',
  message: "uncaughtException: Unexpected token '}'\n" +
    'C:\\Users\\gulka\\Documents\\VSC\\libraryApi\\routes\\books.js:55\n' +
    '    });\n' +
    '    ^\n' +
    '\n' +
    "SyntaxError: Unexpected token '}'\n" +
    '    at wrapSafe (node:internal/modules/cjs/loader:1383:18)\n' +
    '    at Module._compile (node:internal/modules/cjs/loader:1412:20)\n' +
    '    at Module._extensions..js (node:internal/modules/cjs/loader:1551:10)\n' +
    '    at Module.load (node:internal/modules/cjs/loader:1282:32)\n' +
    '    at Module._load (node:internal/modules/cjs/loader:1098:12)\n' +
    '    at TracingChannel.traceSync (node:diagnostics_channel:315:14)\n' +
    '    at wrapModuleLoad (node:internal/modules/cjs/loader:215:24)\n' +
    '    at Module.require (node:internal/modules/cjs/loader:1304:12)\n' +
    '    at require (node:internal/modules/helpers:123:16)\n' +
    '    at Object.<anonymous> (C:\\Users\\gulka\\Documents\\VSC\\libraryApi\\startup\\routes.js:2:15)',
  stack: 'C:\\Users\\gulka\\Documents\\VSC\\libraryApi\\routes\\books.js:55\n' +
    '    });\n' +
    '    ^\n' +
    '\n' +
    "SyntaxError: Unexpected token '}'\n" +
    '    at wrapSafe (node:internal/modules/cjs/loader:1383:18)\n' +
    '    at Module._compile (node:internal/modules/cjs/loader:1412:20)\n' +
    '    at Module._extensions..js (node:internal/modules/cjs/loader:1551:10)\n' +
    '    at Module.load (node:internal/modules/cjs/loader:1282:32)\n' +
    '    at Module._load (node:internal/modules/cjs/loader:1098:12)\n' +
    '    at TracingChannel.traceSync (node:diagnostics_channel:315:14)\n' +
    '    at wrapModuleLoad (node:internal/modules/cjs/loader:215:24)\n' +
    '    at Module.require (node:internal/modules/cjs/loader:1304:12)\n' +
    '    at require (node:internal/modules/helpers:123:16)\n' +
    '    at Object.<anonymous> (C:\\Users\\gulka\\Documents\\VSC\\libraryApi\\startup\\routes.js:2:15)',
  exception: true,
  date: 'Sat Jul 06 2024 17:16:09 GMT+0300 (GMT+03:00)',
  process: {
    pid: 8296,
    uid: null,
    gid: null,
    cwd: 'C:\\Users\\gulka\\Documents\\VSC\\libraryApi',
    execPath: 'C:\\Program Files\\nodejs\\node.exe',
    version: 'v22.4.0',
    argv: [
      'C:\\Program Files\\nodejs\\node.exe',
      'C:\\Users\\gulka\\Documents\\VSC\\libraryApi\\app.js'
    ],
    memoryUsage: {
      rss: 86425600,
      heapTotal: 63037440,
      heapUsed: 36343776,
      external: 38795336,
      arrayBuffers: 36508199
    }
  },
  os: { loadavg: [ 0, 0, 0 ], uptime: 14844.421 },
  trace: [
    {
      column: 18,
      file: 'node:internal/modules/cjs/loader',
      function: 'wrapSafe',
      line: 1383,
      method: null,
      native: false
    },
    {
      column: 20,
      file: 'node:internal/modules/cjs/loader',
      function: 'Module._compile',
      line: 1412,
      method: '_compile',
      native: false
    },
    {
      column: 10,
      file: 'node:internal/modules/cjs/loader',
      function: 'Module._extensions..js',
      line: 1551,
      method: '.js',
      native: false
    },
    {
      column: 32,
      file: 'node:internal/modules/cjs/loader',
      function: 'Module.load',
      line: 1282,
      method: 'load',
      native: false
    },
    {
      column: 12,
      file: 'node:internal/modules/cjs/loader',
      function: 'Module._load',
      line: 1098,
      method: '_load',
      native: false
    },
    {
      column: 14,
      file: 'node:diagnostics_channel',
      function: 'TracingChannel.traceSync',
      line: 315,
      method: 'traceSync',
      native: false
    },
    {
      column: 24,
      file: 'node:internal/modules/cjs/loader',
      function: 'wrapModuleLoad',
      line: 215,
      method: null,
      native: false
    },
    {
      column: 12,
      file: 'node:internal/modules/cjs/loader',
      function: 'Module.require',
      line: 1304,
      method: 'require',
      native: false
    },
    {
      column: 16,
      file: 'node:internal/modules/helpers',
      function: 'require',
      line: 123,
      method: null,
      native: false
    },
    {
      column: 15,
      file: 'C:\\Users\\gulka\\Documents\\VSC\\libraryApi\\startup\\routes.js',
      function: null,
      line: 2,
      method: null,
      native: false
    }
  ],
  timestamp: 'Jul-06-2024 17:16:09'
}
{
  error: C:\Users\gulka\Documents\VSC\libraryApi\routes\books.js:55
      });
      ^
  
  SyntaxError: Unexpected token '}'
      at wrapSafe (node:internal/modules/cjs/loader:1383:18)
      at Module._compile (node:internal/modules/cjs/loader:1412:20)
      at Module._extensions..js (node:internal/modules/cjs/loader:1551:10)
      at Module.load (node:internal/modules/cjs/loader:1282:32)
      at Module._load (node:internal/modules/cjs/loader:1098:12)
      at TracingChannel.traceSync (node:diagnostics_channel:315:14)
      at wrapModuleLoad (node:internal/modules/cjs/loader:215:24)
      at Module.require (node:internal/modules/cjs/loader:1304:12)
      at require (node:internal/modules/helpers:123:16)
      at Object.<anonymous> (C:\Users\gulka\Documents\VSC\libraryApi\startup\routes.js:2:15),
  level: 'error',
  message: "uncaughtException: Unexpected token '}'\n" +
    'C:\\Users\\gulka\\Documents\\VSC\\libraryApi\\routes\\books.js:55\n' +
    '    });\n' +
    '    ^\n' +
    '\n' +
    "SyntaxError: Unexpected token '}'\n" +
    '    at wrapSafe (node:internal/modules/cjs/loader:1383:18)\n' +
    '    at Module._compile (node:internal/modules/cjs/loader:1412:20)\n' +
    '    at Module._extensions..js (node:internal/modules/cjs/loader:1551:10)\n' +
    '    at Module.load (node:internal/modules/cjs/loader:1282:32)\n' +
    '    at Module._load (node:internal/modules/cjs/loader:1098:12)\n' +
    '    at TracingChannel.traceSync (node:diagnostics_channel:315:14)\n' +
    '    at wrapModuleLoad (node:internal/modules/cjs/loader:215:24)\n' +
    '    at Module.require (node:internal/modules/cjs/loader:1304:12)\n' +
    '    at require (node:internal/modules/helpers:123:16)\n' +
    '    at Object.<anonymous> (C:\\Users\\gulka\\Documents\\VSC\\libraryApi\\startup\\routes.js:2:15)',
  stack: 'C:\\Users\\gulka\\Documents\\VSC\\libraryApi\\routes\\books.js:55\n' +
    '    });\n' +
    '    ^\n' +
    '\n' +
    "SyntaxError: Unexpected token '}'\n" +
    '    at wrapSafe (node:internal/modules/cjs/loader:1383:18)\n' +
    '    at Module._compile (node:internal/modules/cjs/loader:1412:20)\n' +
    '    at Module._extensions..js (node:internal/modules/cjs/loader:1551:10)\n' +
    '    at Module.load (node:internal/modules/cjs/loader:1282:32)\n' +
    '    at Module._load (node:internal/modules/cjs/loader:1098:12)\n' +
    '    at TracingChannel.traceSync (node:diagnostics_channel:315:14)\n' +
    '    at wrapModuleLoad (node:internal/modules/cjs/loader:215:24)\n' +
    '    at Module.require (node:internal/modules/cjs/loader:1304:12)\n' +
    '    at require (node:internal/modules/helpers:123:16)\n' +
    '    at Object.<anonymous> (C:\\Users\\gulka\\Documents\\VSC\\libraryApi\\startup\\routes.js:2:15)',
  exception: true,
  date: 'Sat Jul 06 2024 17:16:12 GMT+0300 (GMT+03:00)',
  process: {
    pid: 28144,
    uid: null,
    gid: null,
    cwd: 'C:\\Users\\gulka\\Documents\\VSC\\libraryApi',
    execPath: 'C:\\Program Files\\nodejs\\node.exe',
    version: 'v22.4.0',
    argv: [
      'C:\\Program Files\\nodejs\\node.exe',
      'C:\\Users\\gulka\\Documents\\VSC\\libraryApi\\app.js'
    ],
    memoryUsage: {
      rss: 86577152,
      heapTotal: 63037440,
      heapUsed: 36321608,
      external: 38795336,
      arrayBuffers: 36508199
    }
  },
  os: { loadavg: [ 0, 0, 0 ], uptime: 14847.093 },
  trace: [
    {
      column: 18,
      file: 'node:internal/modules/cjs/loader',
      function: 'wrapSafe',
      line: 1383,
      method: null,
      native: false
    },
    {
      column: 20,
      file: 'node:internal/modules/cjs/loader',
      function: 'Module._compile',
      line: 1412,
      method: '_compile',
      native: false
    },
    {
      column: 10,
      file: 'node:internal/modules/cjs/loader',
      function: 'Module._extensions..js',
      line: 1551,
      method: '.js',
      native: false
    },
    {
      column: 32,
      file: 'node:internal/modules/cjs/loader',
      function: 'Module.load',
      line: 1282,
      method: 'load',
      native: false
    },
    {
      column: 12,
      file: 'node:internal/modules/cjs/loader',
      function: 'Module._load',
      line: 1098,
      method: '_load',
      native: false
    },
    {
      column: 14,
      file: 'node:diagnostics_channel',
      function: 'TracingChannel.traceSync',
      line: 315,
      method: 'traceSync',
      native: false
    },
    {
      column: 24,
      file: 'node:internal/modules/cjs/loader',
      function: 'wrapModuleLoad',
      line: 215,
      method: null,
      native: false
    },
    {
      column: 12,
      file: 'node:internal/modules/cjs/loader',
      function: 'Module.require',
      line: 1304,
      method: 'require',
      native: false
    },
    {
      column: 16,
      file: 'node:internal/modules/helpers',
      function: 'require',
      line: 123,
      method: null,
      native: false
    },
    {
      column: 15,
      file: 'C:\\Users\\gulka\\Documents\\VSC\\libraryApi\\startup\\routes.js',
      function: null,
      line: 2,
      method: null,
      native: false
    }
  ],
  timestamp: 'Jul-06-2024 17:16:12'
}
{
  level: 'error',
  message: "Cannot read properties of undefined (reading 'filename') Cannot read properties of undefined (reading 'filename')",
  stack: "TypeError: Cannot read properties of undefined (reading 'filename')\n" +
    '    at C:\\Users\\gulka\\Documents\\VSC\\libraryApi\\routes\\books.js:54:29\n' +
    '    at newFn (C:\\Users\\gulka\\Documents\\VSC\\libraryApi\\node_modules\\express-async-errors\\index.js:16:20)\n' +
    '    at Layer.handle [as handle_request] (C:\\Users\\gulka\\Documents\\VSC\\libraryApi\\node_modules\\express\\lib\\router\\layer.js:95:5)\n' +
    '    at next (C:\\Users\\gulka\\Documents\\VSC\\libraryApi\\node_modules\\express\\lib\\router\\route.js:144:13)\n' +
    '    at done (C:\\Users\\gulka\\Documents\\VSC\\libraryApi\\node_modules\\multer\\lib\\make-middleware.js:45:7)\n' +
    '    at indicateDone (C:\\Users\\gulka\\Documents\\VSC\\libraryApi\\node_modules\\multer\\lib\\make-middleware.js:49:68)\n' +
    '    at Multipart.<anonymous> (C:\\Users\\gulka\\Documents\\VSC\\libraryApi\\node_modules\\multer\\lib\\make-middleware.js:166:7)\n' +
    '    at Multipart.emit (node:events:520:28)\n' +
    '    at emitCloseNT (node:internal/streams/destroy:148:10)\n' +
    '    at process.processTicksAndRejections (node:internal/process/task_queues:81:21)',
  timestamp: 'Jul-06-2024 17:16:19'
}
{
  level: 'error',
  message: "Cannot read properties of undefined (reading 'filename') Cannot read properties of undefined (reading 'filename')",
  stack: "TypeError: Cannot read properties of undefined (reading 'filename')\n" +
    '    at C:\\Users\\gulka\\Documents\\VSC\\libraryApi\\routes\\books.js:44:17\n' +
    '    at newFn (C:\\Users\\gulka\\Documents\\VSC\\libraryApi\\node_modules\\express-async-errors\\index.js:16:20)\n' +
    '    at Layer.handle [as handle_request] (C:\\Users\\gulka\\Documents\\VSC\\libraryApi\\node_modules\\express\\lib\\router\\layer.js:95:5)\n' +
    '    at next (C:\\Users\\gulka\\Documents\\VSC\\libraryApi\\node_modules\\express\\lib\\router\\route.js:144:13)\n' +
    '    at done (C:\\Users\\gulka\\Documents\\VSC\\libraryApi\\node_modules\\multer\\lib\\make-middleware.js:45:7)\n' +
    '    at indicateDone (C:\\Users\\gulka\\Documents\\VSC\\libraryApi\\node_modules\\multer\\lib\\make-middleware.js:49:68)\n' +
    '    at Multipart.<anonymous> (C:\\Users\\gulka\\Documents\\VSC\\libraryApi\\node_modules\\multer\\lib\\make-middleware.js:166:7)\n' +
    '    at Multipart.emit (node:events:520:28)\n' +
    '    at emitCloseNT (node:internal/streams/destroy:148:10)\n' +
    '    at process.processTicksAndRejections (node:internal/process/task_queues:81:21)',
  timestamp: 'Jul-06-2024 17:17:19'
}
{
  error: ReferenceError: config is not defined
      at Object.<anonymous> (C:\Users\gulka\Documents\VSC\libraryApi\models\books.js:6:22)
      at Module._compile (node:internal/modules/cjs/loader:1467:14)
      at Module._extensions..js (node:internal/modules/cjs/loader:1551:10)
      at Module.load (node:internal/modules/cjs/loader:1282:32)
      at Module._load (node:internal/modules/cjs/loader:1098:12)
      at TracingChannel.traceSync (node:diagnostics_channel:315:14)
      at wrapModuleLoad (node:internal/modules/cjs/loader:215:24)
      at Module.require (node:internal/modules/cjs/loader:1304:12)
      at require (node:internal/modules/helpers:123:16)
      at Object.<anonymous> (C:\Users\gulka\Documents\VSC\libraryApi\routes\books.js:11:39),
  level: 'error',
  message: 'uncaughtException: config is not defined\n' +
    'ReferenceError: config is not defined\n' +
    '    at Object.<anonymous> (C:\\Users\\gulka\\Documents\\VSC\\libraryApi\\models\\books.js:6:22)\n' +
    '    at Module._compile (node:internal/modules/cjs/loader:1467:14)\n' +
    '    at Module._extensions..js (node:internal/modules/cjs/loader:1551:10)\n' +
    '    at Module.load (node:internal/modules/cjs/loader:1282:32)\n' +
    '    at Module._load (node:internal/modules/cjs/loader:1098:12)\n' +
    '    at TracingChannel.traceSync (node:diagnostics_channel:315:14)\n' +
    '    at wrapModuleLoad (node:internal/modules/cjs/loader:215:24)\n' +
    '    at Module.require (node:internal/modules/cjs/loader:1304:12)\n' +
    '    at require (node:internal/modules/helpers:123:16)\n' +
    '    at Object.<anonymous> (C:\\Users\\gulka\\Documents\\VSC\\libraryApi\\routes\\books.js:11:39)',
  stack: 'ReferenceError: config is not defined\n' +
    '    at Object.<anonymous> (C:\\Users\\gulka\\Documents\\VSC\\libraryApi\\models\\books.js:6:22)\n' +
    '    at Module._compile (node:internal/modules/cjs/loader:1467:14)\n' +
    '    at Module._extensions..js (node:internal/modules/cjs/loader:1551:10)\n' +
    '    at Module.load (node:internal/modules/cjs/loader:1282:32)\n' +
    '    at Module._load (node:internal/modules/cjs/loader:1098:12)\n' +
    '    at TracingChannel.traceSync (node:diagnostics_channel:315:14)\n' +
    '    at wrapModuleLoad (node:internal/modules/cjs/loader:215:24)\n' +
    '    at Module.require (node:internal/modules/cjs/loader:1304:12)\n' +
    '    at require (node:internal/modules/helpers:123:16)\n' +
    '    at Object.<anonymous> (C:\\Users\\gulka\\Documents\\VSC\\libraryApi\\routes\\books.js:11:39)',
  exception: true,
  date: 'Sat Jul 06 2024 17:19:31 GMT+0300 (GMT+03:00)',
  process: {
    pid: 30620,
    uid: null,
    gid: null,
    cwd: 'C:\\Users\\gulka\\Documents\\VSC\\libraryApi',
    execPath: 'C:\\Program Files\\nodejs\\node.exe',
    version: 'v22.4.0',
    argv: [
      'C:\\Program Files\\nodejs\\node.exe',
      'C:\\Users\\gulka\\Documents\\VSC\\libraryApi\\app.js'
    ],
    memoryUsage: {
      rss: 88248320,
      heapTotal: 62513152,
      heapUsed: 38079800,
      external: 38795336,
      arrayBuffers: 36508199
    }
  },
  os: { loadavg: [ 0, 0, 0 ], uptime: 15045.828 },
  trace: [
    {
      column: 22,
      file: 'C:\\Users\\gulka\\Documents\\VSC\\libraryApi\\models\\books.js',
      function: null,
      line: 6,
      method: null,
      native: false
    },
    {
      column: 14,
      file: 'node:internal/modules/cjs/loader',
      function: 'Module._compile',
      line: 1467,
      method: '_compile',
      native: false
    },
    {
      column: 10,
      file: 'node:internal/modules/cjs/loader',
      function: 'Module._extensions..js',
      line: 1551,
      method: '.js',
      native: false
    },
    {
      column: 32,
      file: 'node:internal/modules/cjs/loader',
      function: 'Module.load',
      line: 1282,
      method: 'load',
      native: false
    },
    {
      column: 12,
      file: 'node:internal/modules/cjs/loader',
      function: 'Module._load',
      line: 1098,
      method: '_load',
      native: false
    },
    {
      column: 14,
      file: 'node:diagnostics_channel',
      function: 'TracingChannel.traceSync',
      line: 315,
      method: 'traceSync',
      native: false
    },
    {
      column: 24,
      file: 'node:internal/modules/cjs/loader',
      function: 'wrapModuleLoad',
      line: 215,
      method: null,
      native: false
    },
    {
      column: 12,
      file: 'node:internal/modules/cjs/loader',
      function: 'Module.require',
      line: 1304,
      method: 'require',
      native: false
    },
    {
      column: 16,
      file: 'node:internal/modules/helpers',
      function: 'require',
      line: 123,
      method: null,
      native: false
    },
    {
      column: 39,
      file: 'C:\\Users\\gulka\\Documents\\VSC\\libraryApi\\routes\\books.js',
      function: null,
      line: 11,
      method: null,
      native: false
    }
  ],
  timestamp: 'Jul-06-2024 17:19:31'
}
{
  error: ReferenceError: config is not defined
      at Object.<anonymous> (C:\Users\gulka\Documents\VSC\libraryApi\models\books.js:6:22)
      at Module._compile (node:internal/modules/cjs/loader:1467:14)
      at Module._extensions..js (node:internal/modules/cjs/loader:1551:10)
      at Module.load (node:internal/modules/cjs/loader:1282:32)
      at Module._load (node:internal/modules/cjs/loader:1098:12)
      at TracingChannel.traceSync (node:diagnostics_channel:315:14)
      at wrapModuleLoad (node:internal/modules/cjs/loader:215:24)
      at Module.require (node:internal/modules/cjs/loader:1304:12)
      at require (node:internal/modules/helpers:123:16)
      at Object.<anonymous> (C:\Users\gulka\Documents\VSC\libraryApi\routes\books.js:12:39),
  level: 'error',
  message: 'uncaughtException: config is not defined\n' +
    'ReferenceError: config is not defined\n' +
    '    at Object.<anonymous> (C:\\Users\\gulka\\Documents\\VSC\\libraryApi\\models\\books.js:6:22)\n' +
    '    at Module._compile (node:internal/modules/cjs/loader:1467:14)\n' +
    '    at Module._extensions..js (node:internal/modules/cjs/loader:1551:10)\n' +
    '    at Module.load (node:internal/modules/cjs/loader:1282:32)\n' +
    '    at Module._load (node:internal/modules/cjs/loader:1098:12)\n' +
    '    at TracingChannel.traceSync (node:diagnostics_channel:315:14)\n' +
    '    at wrapModuleLoad (node:internal/modules/cjs/loader:215:24)\n' +
    '    at Module.require (node:internal/modules/cjs/loader:1304:12)\n' +
    '    at require (node:internal/modules/helpers:123:16)\n' +
    '    at Object.<anonymous> (C:\\Users\\gulka\\Documents\\VSC\\libraryApi\\routes\\books.js:12:39)',
  stack: 'ReferenceError: config is not defined\n' +
    '    at Object.<anonymous> (C:\\Users\\gulka\\Documents\\VSC\\libraryApi\\models\\books.js:6:22)\n' +
    '    at Module._compile (node:internal/modules/cjs/loader:1467:14)\n' +
    '    at Module._extensions..js (node:internal/modules/cjs/loader:1551:10)\n' +
    '    at Module.load (node:internal/modules/cjs/loader:1282:32)\n' +
    '    at Module._load (node:internal/modules/cjs/loader:1098:12)\n' +
    '    at TracingChannel.traceSync (node:diagnostics_channel:315:14)\n' +
    '    at wrapModuleLoad (node:internal/modules/cjs/loader:215:24)\n' +
    '    at Module.require (node:internal/modules/cjs/loader:1304:12)\n' +
    '    at require (node:internal/modules/helpers:123:16)\n' +
    '    at Object.<anonymous> (C:\\Users\\gulka\\Documents\\VSC\\libraryApi\\routes\\books.js:12:39)',
  exception: true,
  date: 'Sat Jul 06 2024 17:19:35 GMT+0300 (GMT+03:00)',
  process: {
    pid: 22648,
    uid: null,
    gid: null,
    cwd: 'C:\\Users\\gulka\\Documents\\VSC\\libraryApi',
    execPath: 'C:\\Program Files\\nodejs\\node.exe',
    version: 'v22.4.0',
    argv: [
      'C:\\Program Files\\nodejs\\node.exe',
      'C:\\Users\\gulka\\Documents\\VSC\\libraryApi\\app.js'
    ],
    memoryUsage: {
      rss: 87949312,
      heapTotal: 63037440,
      heapUsed: 38038720,
      external: 38795336,
      arrayBuffers: 36508199
    }
  },
  os: { loadavg: [ 0, 0, 0 ], uptime: 15050.453 },
  trace: [
    {
      column: 22,
      file: 'C:\\Users\\gulka\\Documents\\VSC\\libraryApi\\models\\books.js',
      function: null,
      line: 6,
      method: null,
      native: false
    },
    {
      column: 14,
      file: 'node:internal/modules/cjs/loader',
      function: 'Module._compile',
      line: 1467,
      method: '_compile',
      native: false
    },
    {
      column: 10,
      file: 'node:internal/modules/cjs/loader',
      function: 'Module._extensions..js',
      line: 1551,
      method: '.js',
      native: false
    },
    {
      column: 32,
      file: 'node:internal/modules/cjs/loader',
      function: 'Module.load',
      line: 1282,
      method: 'load',
      native: false
    },
    {
      column: 12,
      file: 'node:internal/modules/cjs/loader',
      function: 'Module._load',
      line: 1098,
      method: '_load',
      native: false
    },
    {
      column: 14,
      file: 'node:diagnostics_channel',
      function: 'TracingChannel.traceSync',
      line: 315,
      method: 'traceSync',
      native: false
    },
    {
      column: 24,
      file: 'node:internal/modules/cjs/loader',
      function: 'wrapModuleLoad',
      line: 215,
      method: null,
      native: false
    },
    {
      column: 12,
      file: 'node:internal/modules/cjs/loader',
      function: 'Module.require',
      line: 1304,
      method: 'require',
      native: false
    },
    {
      column: 16,
      file: 'node:internal/modules/helpers',
      function: 'require',
      line: 123,
      method: null,
      native: false
    },
    {
      column: 39,
      file: 'C:\\Users\\gulka\\Documents\\VSC\\libraryApi\\routes\\books.js',
      function: null,
      line: 12,
      method: null,
      native: false
    }
  ],
  timestamp: 'Jul-06-2024 17:19:35'
}
{
  error: ReferenceError: config is not defined
      at Object.<anonymous> (C:\Users\gulka\Documents\VSC\libraryApi\models\books.js:6:22)
      at Module._compile (node:internal/modules/cjs/loader:1467:14)
      at Module._extensions..js (node:internal/modules/cjs/loader:1551:10)
      at Module.load (node:internal/modules/cjs/loader:1282:32)
      at Module._load (node:internal/modules/cjs/loader:1098:12)
      at TracingChannel.traceSync (node:diagnostics_channel:315:14)
      at wrapModuleLoad (node:internal/modules/cjs/loader:215:24)
      at Module.require (node:internal/modules/cjs/loader:1304:12)
      at require (node:internal/modules/helpers:123:16)
      at Object.<anonymous> (C:\Users\gulka\Documents\VSC\libraryApi\routes\books.js:12:39),
  level: 'error',
  message: 'uncaughtException: config is not defined\n' +
    'ReferenceError: config is not defined\n' +
    '    at Object.<anonymous> (C:\\Users\\gulka\\Documents\\VSC\\libraryApi\\models\\books.js:6:22)\n' +
    '    at Module._compile (node:internal/modules/cjs/loader:1467:14)\n' +
    '    at Module._extensions..js (node:internal/modules/cjs/loader:1551:10)\n' +
    '    at Module.load (node:internal/modules/cjs/loader:1282:32)\n' +
    '    at Module._load (node:internal/modules/cjs/loader:1098:12)\n' +
    '    at TracingChannel.traceSync (node:diagnostics_channel:315:14)\n' +
    '    at wrapModuleLoad (node:internal/modules/cjs/loader:215:24)\n' +
    '    at Module.require (node:internal/modules/cjs/loader:1304:12)\n' +
    '    at require (node:internal/modules/helpers:123:16)\n' +
    '    at Object.<anonymous> (C:\\Users\\gulka\\Documents\\VSC\\libraryApi\\routes\\books.js:12:39)',
  stack: 'ReferenceError: config is not defined\n' +
    '    at Object.<anonymous> (C:\\Users\\gulka\\Documents\\VSC\\libraryApi\\models\\books.js:6:22)\n' +
    '    at Module._compile (node:internal/modules/cjs/loader:1467:14)\n' +
    '    at Module._extensions..js (node:internal/modules/cjs/loader:1551:10)\n' +
    '    at Module.load (node:internal/modules/cjs/loader:1282:32)\n' +
    '    at Module._load (node:internal/modules/cjs/loader:1098:12)\n' +
    '    at TracingChannel.traceSync (node:diagnostics_channel:315:14)\n' +
    '    at wrapModuleLoad (node:internal/modules/cjs/loader:215:24)\n' +
    '    at Module.require (node:internal/modules/cjs/loader:1304:12)\n' +
    '    at require (node:internal/modules/helpers:123:16)\n' +
    '    at Object.<anonymous> (C:\\Users\\gulka\\Documents\\VSC\\libraryApi\\routes\\books.js:12:39)',
  exception: true,
  date: 'Sat Jul 06 2024 17:19:55 GMT+0300 (GMT+03:00)',
  process: {
    pid: 2312,
    uid: null,
    gid: null,
    cwd: 'C:\\Users\\gulka\\Documents\\VSC\\libraryApi',
    execPath: 'C:\\Program Files\\nodejs\\node.exe',
    version: 'v22.4.0',
    argv: [
      'C:\\Program Files\\nodejs\\node.exe',
      'C:\\Users\\gulka\\Documents\\VSC\\libraryApi\\app.js'
    ],
    memoryUsage: {
      rss: 88752128,
      heapTotal: 63299584,
      heapUsed: 38112048,
      external: 38795336,
      arrayBuffers: 36508199
    }
  },
  os: { loadavg: [ 0, 0, 0 ], uptime: 15069.718 },
  trace: [
    {
      column: 22,
      file: 'C:\\Users\\gulka\\Documents\\VSC\\libraryApi\\models\\books.js',
      function: null,
      line: 6,
      method: null,
      native: false
    },
    {
      column: 14,
      file: 'node:internal/modules/cjs/loader',
      function: 'Module._compile',
      line: 1467,
      method: '_compile',
      native: false
    },
    {
      column: 10,
      file: 'node:internal/modules/cjs/loader',
      function: 'Module._extensions..js',
      line: 1551,
      method: '.js',
      native: false
    },
    {
      column: 32,
      file: 'node:internal/modules/cjs/loader',
      function: 'Module.load',
      line: 1282,
      method: 'load',
      native: false
    },
    {
      column: 12,
      file: 'node:internal/modules/cjs/loader',
      function: 'Module._load',
      line: 1098,
      method: '_load',
      native: false
    },
    {
      column: 14,
      file: 'node:diagnostics_channel',
      function: 'TracingChannel.traceSync',
      line: 315,
      method: 'traceSync',
      native: false
    },
    {
      column: 24,
      file: 'node:internal/modules/cjs/loader',
      function: 'wrapModuleLoad',
      line: 215,
      method: null,
      native: false
    },
    {
      column: 12,
      file: 'node:internal/modules/cjs/loader',
      function: 'Module.require',
      line: 1304,
      method: 'require',
      native: false
    },
    {
      column: 16,
      file: 'node:internal/modules/helpers',
      function: 'require',
      line: 123,
      method: null,
      native: false
    },
    {
      column: 39,
      file: 'C:\\Users\\gulka\\Documents\\VSC\\libraryApi\\routes\\books.js',
      function: null,
      line: 12,
      method: null,
      native: false
    }
  ],
  timestamp: 'Jul-06-2024 17:19:55'
}
{
  error: ReferenceError: config is not defined
      at Object.<anonymous> (C:\Users\gulka\Documents\VSC\libraryApi\models\books.js:6:22)
      at Module._compile (node:internal/modules/cjs/loader:1467:14)
      at Module._extensions..js (node:internal/modules/cjs/loader:1551:10)
      at Module.load (node:internal/modules/cjs/loader:1282:32)
      at Module._load (node:internal/modules/cjs/loader:1098:12)
      at TracingChannel.traceSync (node:diagnostics_channel:315:14)
      at wrapModuleLoad (node:internal/modules/cjs/loader:215:24)
      at Module.require (node:internal/modules/cjs/loader:1304:12)
      at require (node:internal/modules/helpers:123:16)
      at Object.<anonymous> (C:\Users\gulka\Documents\VSC\libraryApi\routes\books.js:12:39),
  level: 'error',
  message: 'uncaughtException: config is not defined\n' +
    'ReferenceError: config is not defined\n' +
    '    at Object.<anonymous> (C:\\Users\\gulka\\Documents\\VSC\\libraryApi\\models\\books.js:6:22)\n' +
    '    at Module._compile (node:internal/modules/cjs/loader:1467:14)\n' +
    '    at Module._extensions..js (node:internal/modules/cjs/loader:1551:10)\n' +
    '    at Module.load (node:internal/modules/cjs/loader:1282:32)\n' +
    '    at Module._load (node:internal/modules/cjs/loader:1098:12)\n' +
    '    at TracingChannel.traceSync (node:diagnostics_channel:315:14)\n' +
    '    at wrapModuleLoad (node:internal/modules/cjs/loader:215:24)\n' +
    '    at Module.require (node:internal/modules/cjs/loader:1304:12)\n' +
    '    at require (node:internal/modules/helpers:123:16)\n' +
    '    at Object.<anonymous> (C:\\Users\\gulka\\Documents\\VSC\\libraryApi\\routes\\books.js:12:39)',
  stack: 'ReferenceError: config is not defined\n' +
    '    at Object.<anonymous> (C:\\Users\\gulka\\Documents\\VSC\\libraryApi\\models\\books.js:6:22)\n' +
    '    at Module._compile (node:internal/modules/cjs/loader:1467:14)\n' +
    '    at Module._extensions..js (node:internal/modules/cjs/loader:1551:10)\n' +
    '    at Module.load (node:internal/modules/cjs/loader:1282:32)\n' +
    '    at Module._load (node:internal/modules/cjs/loader:1098:12)\n' +
    '    at TracingChannel.traceSync (node:diagnostics_channel:315:14)\n' +
    '    at wrapModuleLoad (node:internal/modules/cjs/loader:215:24)\n' +
    '    at Module.require (node:internal/modules/cjs/loader:1304:12)\n' +
    '    at require (node:internal/modules/helpers:123:16)\n' +
    '    at Object.<anonymous> (C:\\Users\\gulka\\Documents\\VSC\\libraryApi\\routes\\books.js:12:39)',
  exception: true,
  date: 'Sat Jul 06 2024 17:19:58 GMT+0300 (GMT+03:00)',
  process: {
    pid: 26608,
    uid: null,
    gid: null,
    cwd: 'C:\\Users\\gulka\\Documents\\VSC\\libraryApi',
    execPath: 'C:\\Program Files\\nodejs\\node.exe',
    version: 'v22.4.0',
    argv: [
      'C:\\Program Files\\nodejs\\node.exe',
      'C:\\Users\\gulka\\Documents\\VSC\\libraryApi\\app.js'
    ],
    memoryUsage: {
      rss: 88399872,
      heapTotal: 63299584,
      heapUsed: 38150752,
      external: 38795336,
      arrayBuffers: 36508199
    }
  },
  os: { loadavg: [ 0, 0, 0 ], uptime: 15073 },
  trace: [
    {
      column: 22,
      file: 'C:\\Users\\gulka\\Documents\\VSC\\libraryApi\\models\\books.js',
      function: null,
      line: 6,
      method: null,
      native: false
    },
    {
      column: 14,
      file: 'node:internal/modules/cjs/loader',
      function: 'Module._compile',
      line: 1467,
      method: '_compile',
      native: false
    },
    {
      column: 10,
      file: 'node:internal/modules/cjs/loader',
      function: 'Module._extensions..js',
      line: 1551,
      method: '.js',
      native: false
    },
    {
      column: 32,
      file: 'node:internal/modules/cjs/loader',
      function: 'Module.load',
      line: 1282,
      method: 'load',
      native: false
    },
    {
      column: 12,
      file: 'node:internal/modules/cjs/loader',
      function: 'Module._load',
      line: 1098,
      method: '_load',
      native: false
    },
    {
      column: 14,
      file: 'node:diagnostics_channel',
      function: 'TracingChannel.traceSync',
      line: 315,
      method: 'traceSync',
      native: false
    },
    {
      column: 24,
      file: 'node:internal/modules/cjs/loader',
      function: 'wrapModuleLoad',
      line: 215,
      method: null,
      native: false
    },
    {
      column: 12,
      file: 'node:internal/modules/cjs/loader',
      function: 'Module.require',
      line: 1304,
      method: 'require',
      native: false
    },
    {
      column: 16,
      file: 'node:internal/modules/helpers',
      function: 'require',
      line: 123,
      method: null,
      native: false
    },
    {
      column: 39,
      file: 'C:\\Users\\gulka\\Documents\\VSC\\libraryApi\\routes\\books.js',
      function: null,
      line: 12,
      method: null,
      native: false
    }
  ],
  timestamp: 'Jul-06-2024 17:19:58'
}
{
  error: ReferenceError: config is not defined
      at Object.<anonymous> (C:\Users\gulka\Documents\VSC\libraryApi\models\books.js:6:22)
      at Module._compile (node:internal/modules/cjs/loader:1467:14)
      at Module._extensions..js (node:internal/modules/cjs/loader:1551:10)
      at Module.load (node:internal/modules/cjs/loader:1282:32)
      at Module._load (node:internal/modules/cjs/loader:1098:12)
      at TracingChannel.traceSync (node:diagnostics_channel:315:14)
      at wrapModuleLoad (node:internal/modules/cjs/loader:215:24)
      at Module.require (node:internal/modules/cjs/loader:1304:12)
      at require (node:internal/modules/helpers:123:16)
      at Object.<anonymous> (C:\Users\gulka\Documents\VSC\libraryApi\routes\books.js:12:39),
  level: 'error',
  message: 'uncaughtException: config is not defined\n' +
    'ReferenceError: config is not defined\n' +
    '    at Object.<anonymous> (C:\\Users\\gulka\\Documents\\VSC\\libraryApi\\models\\books.js:6:22)\n' +
    '    at Module._compile (node:internal/modules/cjs/loader:1467:14)\n' +
    '    at Module._extensions..js (node:internal/modules/cjs/loader:1551:10)\n' +
    '    at Module.load (node:internal/modules/cjs/loader:1282:32)\n' +
    '    at Module._load (node:internal/modules/cjs/loader:1098:12)\n' +
    '    at TracingChannel.traceSync (node:diagnostics_channel:315:14)\n' +
    '    at wrapModuleLoad (node:internal/modules/cjs/loader:215:24)\n' +
    '    at Module.require (node:internal/modules/cjs/loader:1304:12)\n' +
    '    at require (node:internal/modules/helpers:123:16)\n' +
    '    at Object.<anonymous> (C:\\Users\\gulka\\Documents\\VSC\\libraryApi\\routes\\books.js:12:39)',
  stack: 'ReferenceError: config is not defined\n' +
    '    at Object.<anonymous> (C:\\Users\\gulka\\Documents\\VSC\\libraryApi\\models\\books.js:6:22)\n' +
    '    at Module._compile (node:internal/modules/cjs/loader:1467:14)\n' +
    '    at Module._extensions..js (node:internal/modules/cjs/loader:1551:10)\n' +
    '    at Module.load (node:internal/modules/cjs/loader:1282:32)\n' +
    '    at Module._load (node:internal/modules/cjs/loader:1098:12)\n' +
    '    at TracingChannel.traceSync (node:diagnostics_channel:315:14)\n' +
    '    at wrapModuleLoad (node:internal/modules/cjs/loader:215:24)\n' +
    '    at Module.require (node:internal/modules/cjs/loader:1304:12)\n' +
    '    at require (node:internal/modules/helpers:123:16)\n' +
    '    at Object.<anonymous> (C:\\Users\\gulka\\Documents\\VSC\\libraryApi\\routes\\books.js:12:39)',
  exception: true,
  date: 'Sat Jul 06 2024 17:21:10 GMT+0300 (GMT+03:00)',
  process: {
    pid: 23568,
    uid: null,
    gid: null,
    cwd: 'C:\\Users\\gulka\\Documents\\VSC\\libraryApi',
    execPath: 'C:\\Program Files\\nodejs\\node.exe',
    version: 'v22.4.0',
    argv: [
      'C:\\Program Files\\nodejs\\node.exe',
      'C:\\Users\\gulka\\Documents\\VSC\\libraryApi\\app.js'
    ],
    memoryUsage: {
      rss: 88309760,
      heapTotal: 63299584,
      heapUsed: 38137192,
      external: 38795336,
      arrayBuffers: 36508199
    }
  },
  os: { loadavg: [ 0, 0, 0 ], uptime: 15144.671 },
  trace: [
    {
      column: 22,
      file: 'C:\\Users\\gulka\\Documents\\VSC\\libraryApi\\models\\books.js',
      function: null,
      line: 6,
      method: null,
      native: false
    },
    {
      column: 14,
      file: 'node:internal/modules/cjs/loader',
      function: 'Module._compile',
      line: 1467,
      method: '_compile',
      native: false
    },
    {
      column: 10,
      file: 'node:internal/modules/cjs/loader',
      function: 'Module._extensions..js',
      line: 1551,
      method: '.js',
      native: false
    },
    {
      column: 32,
      file: 'node:internal/modules/cjs/loader',
      function: 'Module.load',
      line: 1282,
      method: 'load',
      native: false
    },
    {
      column: 12,
      file: 'node:internal/modules/cjs/loader',
      function: 'Module._load',
      line: 1098,
      method: '_load',
      native: false
    },
    {
      column: 14,
      file: 'node:diagnostics_channel',
      function: 'TracingChannel.traceSync',
      line: 315,
      method: 'traceSync',
      native: false
    },
    {
      column: 24,
      file: 'node:internal/modules/cjs/loader',
      function: 'wrapModuleLoad',
      line: 215,
      method: null,
      native: false
    },
    {
      column: 12,
      file: 'node:internal/modules/cjs/loader',
      function: 'Module.require',
      line: 1304,
      method: 'require',
      native: false
    },
    {
      column: 16,
      file: 'node:internal/modules/helpers',
      function: 'require',
      line: 123,
      method: null,
      native: false
    },
    {
      column: 39,
      file: 'C:\\Users\\gulka\\Documents\\VSC\\libraryApi\\routes\\books.js',
      function: null,
      line: 12,
      method: null,
      native: false
    }
  ],
  timestamp: 'Jul-06-2024 17:21:10'
}
{
  error: ReferenceError: config is not defined
      at Object.<anonymous> (C:\Users\gulka\Documents\VSC\libraryApi\models\books.js:6:22)
      at Module._compile (node:internal/modules/cjs/loader:1467:14)
      at Module._extensions..js (node:internal/modules/cjs/loader:1551:10)
      at Module.load (node:internal/modules/cjs/loader:1282:32)
      at Module._load (node:internal/modules/cjs/loader:1098:12)
      at TracingChannel.traceSync (node:diagnostics_channel:315:14)
      at wrapModuleLoad (node:internal/modules/cjs/loader:215:24)
      at Module.require (node:internal/modules/cjs/loader:1304:12)
      at require (node:internal/modules/helpers:123:16)
      at Object.<anonymous> (C:\Users\gulka\Documents\VSC\libraryApi\routes\books.js:12:39),
  level: 'error',
  message: 'uncaughtException: config is not defined\n' +
    'ReferenceError: config is not defined\n' +
    '    at Object.<anonymous> (C:\\Users\\gulka\\Documents\\VSC\\libraryApi\\models\\books.js:6:22)\n' +
    '    at Module._compile (node:internal/modules/cjs/loader:1467:14)\n' +
    '    at Module._extensions..js (node:internal/modules/cjs/loader:1551:10)\n' +
    '    at Module.load (node:internal/modules/cjs/loader:1282:32)\n' +
    '    at Module._load (node:internal/modules/cjs/loader:1098:12)\n' +
    '    at TracingChannel.traceSync (node:diagnostics_channel:315:14)\n' +
    '    at wrapModuleLoad (node:internal/modules/cjs/loader:215:24)\n' +
    '    at Module.require (node:internal/modules/cjs/loader:1304:12)\n' +
    '    at require (node:internal/modules/helpers:123:16)\n' +
    '    at Object.<anonymous> (C:\\Users\\gulka\\Documents\\VSC\\libraryApi\\routes\\books.js:12:39)',
  stack: 'ReferenceError: config is not defined\n' +
    '    at Object.<anonymous> (C:\\Users\\gulka\\Documents\\VSC\\libraryApi\\models\\books.js:6:22)\n' +
    '    at Module._compile (node:internal/modules/cjs/loader:1467:14)\n' +
    '    at Module._extensions..js (node:internal/modules/cjs/loader:1551:10)\n' +
    '    at Module.load (node:internal/modules/cjs/loader:1282:32)\n' +
    '    at Module._load (node:internal/modules/cjs/loader:1098:12)\n' +
    '    at TracingChannel.traceSync (node:diagnostics_channel:315:14)\n' +
    '    at wrapModuleLoad (node:internal/modules/cjs/loader:215:24)\n' +
    '    at Module.require (node:internal/modules/cjs/loader:1304:12)\n' +
    '    at require (node:internal/modules/helpers:123:16)\n' +
    '    at Object.<anonymous> (C:\\Users\\gulka\\Documents\\VSC\\libraryApi\\routes\\books.js:12:39)',
  exception: true,
  date: 'Sat Jul 06 2024 17:22:53 GMT+0300 (GMT+03:00)',
  process: {
    pid: 32452,
    uid: null,
    gid: null,
    cwd: 'C:\\Users\\gulka\\Documents\\VSC\\libraryApi',
    execPath: 'C:\\Program Files\\nodejs\\node.exe',
    version: 'v22.4.0',
    argv: [
      'C:\\Program Files\\nodejs\\node.exe',
      'C:\\Users\\gulka\\Documents\\VSC\\libraryApi\\app.js'
    ],
    memoryUsage: {
      rss: 88682496,
      heapTotal: 63037440,
      heapUsed: 38158656,
      external: 38795336,
      arrayBuffers: 36508199
    }
  },
  os: { loadavg: [ 0, 0, 0 ], uptime: 15247.781 },
  trace: [
    {
      column: 22,
      file: 'C:\\Users\\gulka\\Documents\\VSC\\libraryApi\\models\\books.js',
      function: null,
      line: 6,
      method: null,
      native: false
    },
    {
      column: 14,
      file: 'node:internal/modules/cjs/loader',
      function: 'Module._compile',
      line: 1467,
      method: '_compile',
      native: false
    },
    {
      column: 10,
      file: 'node:internal/modules/cjs/loader',
      function: 'Module._extensions..js',
      line: 1551,
      method: '.js',
      native: false
    },
    {
      column: 32,
      file: 'node:internal/modules/cjs/loader',
      function: 'Module.load',
      line: 1282,
      method: 'load',
      native: false
    },
    {
      column: 12,
      file: 'node:internal/modules/cjs/loader',
      function: 'Module._load',
      line: 1098,
      method: '_load',
      native: false
    },
    {
      column: 14,
      file: 'node:diagnostics_channel',
      function: 'TracingChannel.traceSync',
      line: 315,
      method: 'traceSync',
      native: false
    },
    {
      column: 24,
      file: 'node:internal/modules/cjs/loader',
      function: 'wrapModuleLoad',
      line: 215,
      method: null,
      native: false
    },
    {
      column: 12,
      file: 'node:internal/modules/cjs/loader',
      function: 'Module.require',
      line: 1304,
      method: 'require',
      native: false
    },
    {
      column: 16,
      file: 'node:internal/modules/helpers',
      function: 'require',
      line: 123,
      method: null,
      native: false
    },
    {
      column: 39,
      file: 'C:\\Users\\gulka\\Documents\\VSC\\libraryApi\\routes\\books.js',
      function: null,
      line: 12,
      method: null,
      native: false
    }
  ],
  timestamp: 'Jul-06-2024 17:22:53'
}
{
  error: ReferenceError: config is not defined
      at Object.<anonymous> (C:\Users\gulka\Documents\VSC\libraryApi\models\books.js:6:22)
      at Module._compile (node:internal/modules/cjs/loader:1467:14)
      at Module._extensions..js (node:internal/modules/cjs/loader:1551:10)
      at Module.load (node:internal/modules/cjs/loader:1282:32)
      at Module._load (node:internal/modules/cjs/loader:1098:12)
      at TracingChannel.traceSync (node:diagnostics_channel:315:14)
      at wrapModuleLoad (node:internal/modules/cjs/loader:215:24)
      at Module.require (node:internal/modules/cjs/loader:1304:12)
      at require (node:internal/modules/helpers:123:16)
      at Object.<anonymous> (C:\Users\gulka\Documents\VSC\libraryApi\routes\books.js:12:39),
  level: 'error',
  message: 'uncaughtException: config is not defined\n' +
    'ReferenceError: config is not defined\n' +
    '    at Object.<anonymous> (C:\\Users\\gulka\\Documents\\VSC\\libraryApi\\models\\books.js:6:22)\n' +
    '    at Module._compile (node:internal/modules/cjs/loader:1467:14)\n' +
    '    at Module._extensions..js (node:internal/modules/cjs/loader:1551:10)\n' +
    '    at Module.load (node:internal/modules/cjs/loader:1282:32)\n' +
    '    at Module._load (node:internal/modules/cjs/loader:1098:12)\n' +
    '    at TracingChannel.traceSync (node:diagnostics_channel:315:14)\n' +
    '    at wrapModuleLoad (node:internal/modules/cjs/loader:215:24)\n' +
    '    at Module.require (node:internal/modules/cjs/loader:1304:12)\n' +
    '    at require (node:internal/modules/helpers:123:16)\n' +
    '    at Object.<anonymous> (C:\\Users\\gulka\\Documents\\VSC\\libraryApi\\routes\\books.js:12:39)',
  stack: 'ReferenceError: config is not defined\n' +
    '    at Object.<anonymous> (C:\\Users\\gulka\\Documents\\VSC\\libraryApi\\models\\books.js:6:22)\n' +
    '    at Module._compile (node:internal/modules/cjs/loader:1467:14)\n' +
    '    at Module._extensions..js (node:internal/modules/cjs/loader:1551:10)\n' +
    '    at Module.load (node:internal/modules/cjs/loader:1282:32)\n' +
    '    at Module._load (node:internal/modules/cjs/loader:1098:12)\n' +
    '    at TracingChannel.traceSync (node:diagnostics_channel:315:14)\n' +
    '    at wrapModuleLoad (node:internal/modules/cjs/loader:215:24)\n' +
    '    at Module.require (node:internal/modules/cjs/loader:1304:12)\n' +
    '    at require (node:internal/modules/helpers:123:16)\n' +
    '    at Object.<anonymous> (C:\\Users\\gulka\\Documents\\VSC\\libraryApi\\routes\\books.js:12:39)',
  exception: true,
  date: 'Sat Jul 06 2024 17:23:10 GMT+0300 (GMT+03:00)',
  process: {
    pid: 13804,
    uid: null,
    gid: null,
    cwd: 'C:\\Users\\gulka\\Documents\\VSC\\libraryApi',
    execPath: 'C:\\Program Files\\nodejs\\node.exe',
    version: 'v22.4.0',
    argv: [
      'C:\\Program Files\\nodejs\\node.exe',
      'C:\\Users\\gulka\\Documents\\VSC\\libraryApi\\app.js'
    ],
    memoryUsage: {
      rss: 88076288,
      heapTotal: 63037440,
      heapUsed: 38028512,
      external: 38795336,
      arrayBuffers: 36508199
    }
  },
  os: { loadavg: [ 0, 0, 0 ], uptime: 15265.359 },
  trace: [
    {
      column: 22,
      file: 'C:\\Users\\gulka\\Documents\\VSC\\libraryApi\\models\\books.js',
      function: null,
      line: 6,
      method: null,
      native: false
    },
    {
      column: 14,
      file: 'node:internal/modules/cjs/loader',
      function: 'Module._compile',
      line: 1467,
      method: '_compile',
      native: false
    },
    {
      column: 10,
      file: 'node:internal/modules/cjs/loader',
      function: 'Module._extensions..js',
      line: 1551,
      method: '.js',
      native: false
    },
    {
      column: 32,
      file: 'node:internal/modules/cjs/loader',
      function: 'Module.load',
      line: 1282,
      method: 'load',
      native: false
    },
    {
      column: 12,
      file: 'node:internal/modules/cjs/loader',
      function: 'Module._load',
      line: 1098,
      method: '_load',
      native: false
    },
    {
      column: 14,
      file: 'node:diagnostics_channel',
      function: 'TracingChannel.traceSync',
      line: 315,
      method: 'traceSync',
      native: false
    },
    {
      column: 24,
      file: 'node:internal/modules/cjs/loader',
      function: 'wrapModuleLoad',
      line: 215,
      method: null,
      native: false
    },
    {
      column: 12,
      file: 'node:internal/modules/cjs/loader',
      function: 'Module.require',
      line: 1304,
      method: 'require',
      native: false
    },
    {
      column: 16,
      file: 'node:internal/modules/helpers',
      function: 'require',
      line: 123,
      method: null,
      native: false
    },
    {
      column: 39,
      file: 'C:\\Users\\gulka\\Documents\\VSC\\libraryApi\\routes\\books.js',
      function: null,
      line: 12,
      method: null,
      native: false
    }
  ],
  timestamp: 'Jul-06-2024 17:23:10'
}
{
  error: ReferenceError: config is not defined
      at Object.<anonymous> (C:\Users\gulka\Documents\VSC\libraryApi\models\books.js:6:22)
      at Module._compile (node:internal/modules/cjs/loader:1467:14)
      at Module._extensions..js (node:internal/modules/cjs/loader:1551:10)
      at Module.load (node:internal/modules/cjs/loader:1282:32)
      at Module._load (node:internal/modules/cjs/loader:1098:12)
      at TracingChannel.traceSync (node:diagnostics_channel:315:14)
      at wrapModuleLoad (node:internal/modules/cjs/loader:215:24)
      at Module.require (node:internal/modules/cjs/loader:1304:12)
      at require (node:internal/modules/helpers:123:16)
      at Object.<anonymous> (C:\Users\gulka\Documents\VSC\libraryApi\routes\books.js:12:39),
  level: 'error',
  message: 'uncaughtException: config is not defined\n' +
    'ReferenceError: config is not defined\n' +
    '    at Object.<anonymous> (C:\\Users\\gulka\\Documents\\VSC\\libraryApi\\models\\books.js:6:22)\n' +
    '    at Module._compile (node:internal/modules/cjs/loader:1467:14)\n' +
    '    at Module._extensions..js (node:internal/modules/cjs/loader:1551:10)\n' +
    '    at Module.load (node:internal/modules/cjs/loader:1282:32)\n' +
    '    at Module._load (node:internal/modules/cjs/loader:1098:12)\n' +
    '    at TracingChannel.traceSync (node:diagnostics_channel:315:14)\n' +
    '    at wrapModuleLoad (node:internal/modules/cjs/loader:215:24)\n' +
    '    at Module.require (node:internal/modules/cjs/loader:1304:12)\n' +
    '    at require (node:internal/modules/helpers:123:16)\n' +
    '    at Object.<anonymous> (C:\\Users\\gulka\\Documents\\VSC\\libraryApi\\routes\\books.js:12:39)',
  stack: 'ReferenceError: config is not defined\n' +
    '    at Object.<anonymous> (C:\\Users\\gulka\\Documents\\VSC\\libraryApi\\models\\books.js:6:22)\n' +
    '    at Module._compile (node:internal/modules/cjs/loader:1467:14)\n' +
    '    at Module._extensions..js (node:internal/modules/cjs/loader:1551:10)\n' +
    '    at Module.load (node:internal/modules/cjs/loader:1282:32)\n' +
    '    at Module._load (node:internal/modules/cjs/loader:1098:12)\n' +
    '    at TracingChannel.traceSync (node:diagnostics_channel:315:14)\n' +
    '    at wrapModuleLoad (node:internal/modules/cjs/loader:215:24)\n' +
    '    at Module.require (node:internal/modules/cjs/loader:1304:12)\n' +
    '    at require (node:internal/modules/helpers:123:16)\n' +
    '    at Object.<anonymous> (C:\\Users\\gulka\\Documents\\VSC\\libraryApi\\routes\\books.js:12:39)',
  exception: true,
  date: 'Sat Jul 06 2024 17:23:55 GMT+0300 (GMT+03:00)',
  process: {
    pid: 11508,
    uid: null,
    gid: null,
    cwd: 'C:\\Users\\gulka\\Documents\\VSC\\libraryApi',
    execPath: 'C:\\Program Files\\nodejs\\node.exe',
    version: 'v22.4.0',
    argv: [
      'C:\\Program Files\\nodejs\\node.exe',
      'C:\\Users\\gulka\\Documents\\VSC\\libraryApi\\app.js'
    ],
    memoryUsage: {
      rss: 88416256,
      heapTotal: 63299584,
      heapUsed: 38211248,
      external: 38795336,
      arrayBuffers: 36508199
    }
  },
  os: { loadavg: [ 0, 0, 0 ], uptime: 15310.406 },
  trace: [
    {
      column: 22,
      file: 'C:\\Users\\gulka\\Documents\\VSC\\libraryApi\\models\\books.js',
      function: null,
      line: 6,
      method: null,
      native: false
    },
    {
      column: 14,
      file: 'node:internal/modules/cjs/loader',
      function: 'Module._compile',
      line: 1467,
      method: '_compile',
      native: false
    },
    {
      column: 10,
      file: 'node:internal/modules/cjs/loader',
      function: 'Module._extensions..js',
      line: 1551,
      method: '.js',
      native: false
    },
    {
      column: 32,
      file: 'node:internal/modules/cjs/loader',
      function: 'Module.load',
      line: 1282,
      method: 'load',
      native: false
    },
    {
      column: 12,
      file: 'node:internal/modules/cjs/loader',
      function: 'Module._load',
      line: 1098,
      method: '_load',
      native: false
    },
    {
      column: 14,
      file: 'node:diagnostics_channel',
      function: 'TracingChannel.traceSync',
      line: 315,
      method: 'traceSync',
      native: false
    },
    {
      column: 24,
      file: 'node:internal/modules/cjs/loader',
      function: 'wrapModuleLoad',
      line: 215,
      method: null,
      native: false
    },
    {
      column: 12,
      file: 'node:internal/modules/cjs/loader',
      function: 'Module.require',
      line: 1304,
      method: 'require',
      native: false
    },
    {
      column: 16,
      file: 'node:internal/modules/helpers',
      function: 'require',
      line: 123,
      method: null,
      native: false
    },
    {
      column: 39,
      file: 'C:\\Users\\gulka\\Documents\\VSC\\libraryApi\\routes\\books.js',
      function: null,
      line: 12,
      method: null,
      native: false
    }
  ],
  timestamp: 'Jul-06-2024 17:23:55'
}
{
  error: ReferenceError: config is not defined
      at Object.<anonymous> (C:\Users\gulka\Documents\VSC\libraryApi\models\books.js:6:22)
      at Module._compile (node:internal/modules/cjs/loader:1467:14)
      at Module._extensions..js (node:internal/modules/cjs/loader:1551:10)
      at Module.load (node:internal/modules/cjs/loader:1282:32)
      at Module._load (node:internal/modules/cjs/loader:1098:12)
      at TracingChannel.traceSync (node:diagnostics_channel:315:14)
      at wrapModuleLoad (node:internal/modules/cjs/loader:215:24)
      at Module.require (node:internal/modules/cjs/loader:1304:12)
      at require (node:internal/modules/helpers:123:16)
      at Object.<anonymous> (C:\Users\gulka\Documents\VSC\libraryApi\routes\books.js:11:39),
  level: 'error',
  message: 'uncaughtException: config is not defined\n' +
    'ReferenceError: config is not defined\n' +
    '    at Object.<anonymous> (C:\\Users\\gulka\\Documents\\VSC\\libraryApi\\models\\books.js:6:22)\n' +
    '    at Module._compile (node:internal/modules/cjs/loader:1467:14)\n' +
    '    at Module._extensions..js (node:internal/modules/cjs/loader:1551:10)\n' +
    '    at Module.load (node:internal/modules/cjs/loader:1282:32)\n' +
    '    at Module._load (node:internal/modules/cjs/loader:1098:12)\n' +
    '    at TracingChannel.traceSync (node:diagnostics_channel:315:14)\n' +
    '    at wrapModuleLoad (node:internal/modules/cjs/loader:215:24)\n' +
    '    at Module.require (node:internal/modules/cjs/loader:1304:12)\n' +
    '    at require (node:internal/modules/helpers:123:16)\n' +
    '    at Object.<anonymous> (C:\\Users\\gulka\\Documents\\VSC\\libraryApi\\routes\\books.js:11:39)',
  stack: 'ReferenceError: config is not defined\n' +
    '    at Object.<anonymous> (C:\\Users\\gulka\\Documents\\VSC\\libraryApi\\models\\books.js:6:22)\n' +
    '    at Module._compile (node:internal/modules/cjs/loader:1467:14)\n' +
    '    at Module._extensions..js (node:internal/modules/cjs/loader:1551:10)\n' +
    '    at Module.load (node:internal/modules/cjs/loader:1282:32)\n' +
    '    at Module._load (node:internal/modules/cjs/loader:1098:12)\n' +
    '    at TracingChannel.traceSync (node:diagnostics_channel:315:14)\n' +
    '    at wrapModuleLoad (node:internal/modules/cjs/loader:215:24)\n' +
    '    at Module.require (node:internal/modules/cjs/loader:1304:12)\n' +
    '    at require (node:internal/modules/helpers:123:16)\n' +
    '    at Object.<anonymous> (C:\\Users\\gulka\\Documents\\VSC\\libraryApi\\routes\\books.js:11:39)',
  exception: true,
  date: 'Sat Jul 06 2024 17:27:16 GMT+0300 (GMT+03:00)',
  process: {
    pid: 26848,
    uid: null,
    gid: null,
    cwd: 'C:\\Users\\gulka\\Documents\\VSC\\libraryApi',
    execPath: 'C:\\Program Files\\nodejs\\node.exe',
    version: 'v22.4.0',
    argv: [
      'C:\\Program Files\\nodejs\\node.exe',
      'C:\\Users\\gulka\\Documents\\VSC\\libraryApi\\app.js'
    ],
    memoryUsage: {
      rss: 87986176,
      heapTotal: 63299584,
      heapUsed: 37974880,
      external: 38795336,
      arrayBuffers: 36508199
    }
  },
  os: { loadavg: [ 0, 0, 0 ], uptime: 15511.281 },
  trace: [
    {
      column: 22,
      file: 'C:\\Users\\gulka\\Documents\\VSC\\libraryApi\\models\\books.js',
      function: null,
      line: 6,
      method: null,
      native: false
    },
    {
      column: 14,
      file: 'node:internal/modules/cjs/loader',
      function: 'Module._compile',
      line: 1467,
      method: '_compile',
      native: false
    },
    {
      column: 10,
      file: 'node:internal/modules/cjs/loader',
      function: 'Module._extensions..js',
      line: 1551,
      method: '.js',
      native: false
    },
    {
      column: 32,
      file: 'node:internal/modules/cjs/loader',
      function: 'Module.load',
      line: 1282,
      method: 'load',
      native: false
    },
    {
      column: 12,
      file: 'node:internal/modules/cjs/loader',
      function: 'Module._load',
      line: 1098,
      method: '_load',
      native: false
    },
    {
      column: 14,
      file: 'node:diagnostics_channel',
      function: 'TracingChannel.traceSync',
      line: 315,
      method: 'traceSync',
      native: false
    },
    {
      column: 24,
      file: 'node:internal/modules/cjs/loader',
      function: 'wrapModuleLoad',
      line: 215,
      method: null,
      native: false
    },
    {
      column: 12,
      file: 'node:internal/modules/cjs/loader',
      function: 'Module.require',
      line: 1304,
      method: 'require',
      native: false
    },
    {
      column: 16,
      file: 'node:internal/modules/helpers',
      function: 'require',
      line: 123,
      method: null,
      native: false
    },
    {
      column: 39,
      file: 'C:\\Users\\gulka\\Documents\\VSC\\libraryApi\\routes\\books.js',
      function: null,
      line: 11,
      method: null,
      native: false
    }
  ],
  timestamp: 'Jul-06-2024 17:27:16'
}
{
  error: ReferenceError: config is not defined
      at Object.<anonymous> (C:\Users\gulka\Documents\VSC\libraryApi\models\books.js:6:22)
      at Module._compile (node:internal/modules/cjs/loader:1467:14)
      at Module._extensions..js (node:internal/modules/cjs/loader:1551:10)
      at Module.load (node:internal/modules/cjs/loader:1282:32)
      at Module._load (node:internal/modules/cjs/loader:1098:12)
      at TracingChannel.traceSync (node:diagnostics_channel:315:14)
      at wrapModuleLoad (node:internal/modules/cjs/loader:215:24)
      at Module.require (node:internal/modules/cjs/loader:1304:12)
      at require (node:internal/modules/helpers:123:16)
      at Object.<anonymous> (C:\Users\gulka\Documents\VSC\libraryApi\routes\books.js:11:39),
  level: 'error',
  message: 'uncaughtException: config is not defined\n' +
    'ReferenceError: config is not defined\n' +
    '    at Object.<anonymous> (C:\\Users\\gulka\\Documents\\VSC\\libraryApi\\models\\books.js:6:22)\n' +
    '    at Module._compile (node:internal/modules/cjs/loader:1467:14)\n' +
    '    at Module._extensions..js (node:internal/modules/cjs/loader:1551:10)\n' +
    '    at Module.load (node:internal/modules/cjs/loader:1282:32)\n' +
    '    at Module._load (node:internal/modules/cjs/loader:1098:12)\n' +
    '    at TracingChannel.traceSync (node:diagnostics_channel:315:14)\n' +
    '    at wrapModuleLoad (node:internal/modules/cjs/loader:215:24)\n' +
    '    at Module.require (node:internal/modules/cjs/loader:1304:12)\n' +
    '    at require (node:internal/modules/helpers:123:16)\n' +
    '    at Object.<anonymous> (C:\\Users\\gulka\\Documents\\VSC\\libraryApi\\routes\\books.js:11:39)',
  stack: 'ReferenceError: config is not defined\n' +
    '    at Object.<anonymous> (C:\\Users\\gulka\\Documents\\VSC\\libraryApi\\models\\books.js:6:22)\n' +
    '    at Module._compile (node:internal/modules/cjs/loader:1467:14)\n' +
    '    at Module._extensions..js (node:internal/modules/cjs/loader:1551:10)\n' +
    '    at Module.load (node:internal/modules/cjs/loader:1282:32)\n' +
    '    at Module._load (node:internal/modules/cjs/loader:1098:12)\n' +
    '    at TracingChannel.traceSync (node:diagnostics_channel:315:14)\n' +
    '    at wrapModuleLoad (node:internal/modules/cjs/loader:215:24)\n' +
    '    at Module.require (node:internal/modules/cjs/loader:1304:12)\n' +
    '    at require (node:internal/modules/helpers:123:16)\n' +
    '    at Object.<anonymous> (C:\\Users\\gulka\\Documents\\VSC\\libraryApi\\routes\\books.js:11:39)',
  exception: true,
  date: 'Sat Jul 06 2024 17:27:20 GMT+0300 (GMT+03:00)',
  process: {
    pid: 9212,
    uid: null,
    gid: null,
    cwd: 'C:\\Users\\gulka\\Documents\\VSC\\libraryApi',
    execPath: 'C:\\Program Files\\nodejs\\node.exe',
    version: 'v22.4.0',
    argv: [
      'C:\\Program Files\\nodejs\\node.exe',
      'C:\\Users\\gulka\\Documents\\VSC\\libraryApi\\app.js'
    ],
    memoryUsage: {
      rss: 88346624,
      heapTotal: 63037440,
      heapUsed: 38095360,
      external: 38795336,
      arrayBuffers: 36508199
    }
  },
  os: { loadavg: [ 0, 0, 0 ], uptime: 15514.781 },
  trace: [
    {
      column: 22,
      file: 'C:\\Users\\gulka\\Documents\\VSC\\libraryApi\\models\\books.js',
      function: null,
      line: 6,
      method: null,
      native: false
    },
    {
      column: 14,
      file: 'node:internal/modules/cjs/loader',
      function: 'Module._compile',
      line: 1467,
      method: '_compile',
      native: false
    },
    {
      column: 10,
      file: 'node:internal/modules/cjs/loader',
      function: 'Module._extensions..js',
      line: 1551,
      method: '.js',
      native: false
    },
    {
      column: 32,
      file: 'node:internal/modules/cjs/loader',
      function: 'Module.load',
      line: 1282,
      method: 'load',
      native: false
    },
    {
      column: 12,
      file: 'node:internal/modules/cjs/loader',
      function: 'Module._load',
      line: 1098,
      method: '_load',
      native: false
    },
    {
      column: 14,
      file: 'node:diagnostics_channel',
      function: 'TracingChannel.traceSync',
      line: 315,
      method: 'traceSync',
      native: false
    },
    {
      column: 24,
      file: 'node:internal/modules/cjs/loader',
      function: 'wrapModuleLoad',
      line: 215,
      method: null,
      native: false
    },
    {
      column: 12,
      file: 'node:internal/modules/cjs/loader',
      function: 'Module.require',
      line: 1304,
      method: 'require',
      native: false
    },
    {
      column: 16,
      file: 'node:internal/modules/helpers',
      function: 'require',
      line: 123,
      method: null,
      native: false
    },
    {
      column: 39,
      file: 'C:\\Users\\gulka\\Documents\\VSC\\libraryApi\\routes\\books.js',
      function: null,
      line: 11,
      method: null,
      native: false
    }
  ],
  timestamp: 'Jul-06-2024 17:27:20'
}
{
  error: ReferenceError: config is not defined
      at Object.<anonymous> (C:\Users\gulka\Documents\VSC\libraryApi\models\books.js:6:22)
      at Module._compile (node:internal/modules/cjs/loader:1467:14)
      at Module._extensions..js (node:internal/modules/cjs/loader:1551:10)
      at Module.load (node:internal/modules/cjs/loader:1282:32)
      at Module._load (node:internal/modules/cjs/loader:1098:12)
      at TracingChannel.traceSync (node:diagnostics_channel:315:14)
      at wrapModuleLoad (node:internal/modules/cjs/loader:215:24)
      at Module.require (node:internal/modules/cjs/loader:1304:12)
      at require (node:internal/modules/helpers:123:16)
      at Object.<anonymous> (C:\Users\gulka\Documents\VSC\libraryApi\routes\books.js:11:39),
  level: 'error',
  message: 'uncaughtException: config is not defined\n' +
    'ReferenceError: config is not defined\n' +
    '    at Object.<anonymous> (C:\\Users\\gulka\\Documents\\VSC\\libraryApi\\models\\books.js:6:22)\n' +
    '    at Module._compile (node:internal/modules/cjs/loader:1467:14)\n' +
    '    at Module._extensions..js (node:internal/modules/cjs/loader:1551:10)\n' +
    '    at Module.load (node:internal/modules/cjs/loader:1282:32)\n' +
    '    at Module._load (node:internal/modules/cjs/loader:1098:12)\n' +
    '    at TracingChannel.traceSync (node:diagnostics_channel:315:14)\n' +
    '    at wrapModuleLoad (node:internal/modules/cjs/loader:215:24)\n' +
    '    at Module.require (node:internal/modules/cjs/loader:1304:12)\n' +
    '    at require (node:internal/modules/helpers:123:16)\n' +
    '    at Object.<anonymous> (C:\\Users\\gulka\\Documents\\VSC\\libraryApi\\routes\\books.js:11:39)',
  stack: 'ReferenceError: config is not defined\n' +
    '    at Object.<anonymous> (C:\\Users\\gulka\\Documents\\VSC\\libraryApi\\models\\books.js:6:22)\n' +
    '    at Module._compile (node:internal/modules/cjs/loader:1467:14)\n' +
    '    at Module._extensions..js (node:internal/modules/cjs/loader:1551:10)\n' +
    '    at Module.load (node:internal/modules/cjs/loader:1282:32)\n' +
    '    at Module._load (node:internal/modules/cjs/loader:1098:12)\n' +
    '    at TracingChannel.traceSync (node:diagnostics_channel:315:14)\n' +
    '    at wrapModuleLoad (node:internal/modules/cjs/loader:215:24)\n' +
    '    at Module.require (node:internal/modules/cjs/loader:1304:12)\n' +
    '    at require (node:internal/modules/helpers:123:16)\n' +
    '    at Object.<anonymous> (C:\\Users\\gulka\\Documents\\VSC\\libraryApi\\routes\\books.js:11:39)',
  exception: true,
  date: 'Sat Jul 06 2024 17:27:37 GMT+0300 (GMT+03:00)',
  process: {
    pid: 14724,
    uid: null,
    gid: null,
    cwd: 'C:\\Users\\gulka\\Documents\\VSC\\libraryApi',
    execPath: 'C:\\Program Files\\nodejs\\node.exe',
    version: 'v22.4.0',
    argv: [
      'C:\\Program Files\\nodejs\\node.exe',
      'C:\\Users\\gulka\\Documents\\VSC\\libraryApi\\app.js'
    ],
    memoryUsage: {
      rss: 88256512,
      heapTotal: 63299584,
      heapUsed: 38132160,
      external: 38795336,
      arrayBuffers: 36508199
    }
  },
  os: { loadavg: [ 0, 0, 0 ], uptime: 15531.89 },
  trace: [
    {
      column: 22,
      file: 'C:\\Users\\gulka\\Documents\\VSC\\libraryApi\\models\\books.js',
      function: null,
      line: 6,
      method: null,
      native: false
    },
    {
      column: 14,
      file: 'node:internal/modules/cjs/loader',
      function: 'Module._compile',
      line: 1467,
      method: '_compile',
      native: false
    },
    {
      column: 10,
      file: 'node:internal/modules/cjs/loader',
      function: 'Module._extensions..js',
      line: 1551,
      method: '.js',
      native: false
    },
    {
      column: 32,
      file: 'node:internal/modules/cjs/loader',
      function: 'Module.load',
      line: 1282,
      method: 'load',
      native: false
    },
    {
      column: 12,
      file: 'node:internal/modules/cjs/loader',
      function: 'Module._load',
      line: 1098,
      method: '_load',
      native: false
    },
    {
      column: 14,
      file: 'node:diagnostics_channel',
      function: 'TracingChannel.traceSync',
      line: 315,
      method: 'traceSync',
      native: false
    },
    {
      column: 24,
      file: 'node:internal/modules/cjs/loader',
      function: 'wrapModuleLoad',
      line: 215,
      method: null,
      native: false
    },
    {
      column: 12,
      file: 'node:internal/modules/cjs/loader',
      function: 'Module.require',
      line: 1304,
      method: 'require',
      native: false
    },
    {
      column: 16,
      file: 'node:internal/modules/helpers',
      function: 'require',
      line: 123,
      method: null,
      native: false
    },
    {
      column: 39,
      file: 'C:\\Users\\gulka\\Documents\\VSC\\libraryApi\\routes\\books.js',
      function: null,
      line: 11,
      method: null,
      native: false
    }
  ],
  timestamp: 'Jul-06-2024 17:27:37'
}
{
  error: C:\Users\gulka\Documents\VSC\libraryApi\routes\books.js:39
      const { error } =  validateBook(req.body);
      ^^^^^
  
  SyntaxError: Unexpected token 'const'
      at wrapSafe (node:internal/modules/cjs/loader:1383:18)
      at Module._compile (node:internal/modules/cjs/loader:1412:20)
      at Module._extensions..js (node:internal/modules/cjs/loader:1551:10)
      at Module.load (node:internal/modules/cjs/loader:1282:32)
      at Module._load (node:internal/modules/cjs/loader:1098:12)
      at TracingChannel.traceSync (node:diagnostics_channel:315:14)
      at wrapModuleLoad (node:internal/modules/cjs/loader:215:24)
      at Module.require (node:internal/modules/cjs/loader:1304:12)
      at require (node:internal/modules/helpers:123:16)
      at Object.<anonymous> (C:\Users\gulka\Documents\VSC\libraryApi\startup\routes.js:2:15),
  level: 'error',
  message: "uncaughtException: Unexpected token 'const'\n" +
    'C:\\Users\\gulka\\Documents\\VSC\\libraryApi\\routes\\books.js:39\n' +
    '    const { error } =  validateBook(req.body);\n' +
    '    ^^^^^\n' +
    '\n' +
    "SyntaxError: Unexpected token 'const'\n" +
    '    at wrapSafe (node:internal/modules/cjs/loader:1383:18)\n' +
    '    at Module._compile (node:internal/modules/cjs/loader:1412:20)\n' +
    '    at Module._extensions..js (node:internal/modules/cjs/loader:1551:10)\n' +
    '    at Module.load (node:internal/modules/cjs/loader:1282:32)\n' +
    '    at Module._load (node:internal/modules/cjs/loader:1098:12)\n' +
    '    at TracingChannel.traceSync (node:diagnostics_channel:315:14)\n' +
    '    at wrapModuleLoad (node:internal/modules/cjs/loader:215:24)\n' +
    '    at Module.require (node:internal/modules/cjs/loader:1304:12)\n' +
    '    at require (node:internal/modules/helpers:123:16)\n' +
    '    at Object.<anonymous> (C:\\Users\\gulka\\Documents\\VSC\\libraryApi\\startup\\routes.js:2:15)',
  stack: 'C:\\Users\\gulka\\Documents\\VSC\\libraryApi\\routes\\books.js:39\n' +
    '    const { error } =  validateBook(req.body);\n' +
    '    ^^^^^\n' +
    '\n' +
    "SyntaxError: Unexpected token 'const'\n" +
    '    at wrapSafe (node:internal/modules/cjs/loader:1383:18)\n' +
    '    at Module._compile (node:internal/modules/cjs/loader:1412:20)\n' +
    '    at Module._extensions..js (node:internal/modules/cjs/loader:1551:10)\n' +
    '    at Module.load (node:internal/modules/cjs/loader:1282:32)\n' +
    '    at Module._load (node:internal/modules/cjs/loader:1098:12)\n' +
    '    at TracingChannel.traceSync (node:diagnostics_channel:315:14)\n' +
    '    at wrapModuleLoad (node:internal/modules/cjs/loader:215:24)\n' +
    '    at Module.require (node:internal/modules/cjs/loader:1304:12)\n' +
    '    at require (node:internal/modules/helpers:123:16)\n' +
    '    at Object.<anonymous> (C:\\Users\\gulka\\Documents\\VSC\\libraryApi\\startup\\routes.js:2:15)',
  exception: true,
  date: 'Sat Jul 06 2024 17:27:39 GMT+0300 (GMT+03:00)',
  process: {
    pid: 21408,
    uid: null,
    gid: null,
    cwd: 'C:\\Users\\gulka\\Documents\\VSC\\libraryApi',
    execPath: 'C:\\Program Files\\nodejs\\node.exe',
    version: 'v22.4.0',
    argv: [
      'C:\\Program Files\\nodejs\\node.exe',
      'C:\\Users\\gulka\\Documents\\VSC\\libraryApi\\app.js'
    ],
    memoryUsage: {
      rss: 86515712,
      heapTotal: 63037440,
      heapUsed: 36362464,
      external: 38795336,
      arrayBuffers: 36508199
    }
  },
  os: { loadavg: [ 0, 0, 0 ], uptime: 15533.984 },
  trace: [
    {
      column: 18,
      file: 'node:internal/modules/cjs/loader',
      function: 'wrapSafe',
      line: 1383,
      method: null,
      native: false
    },
    {
      column: 20,
      file: 'node:internal/modules/cjs/loader',
      function: 'Module._compile',
      line: 1412,
      method: '_compile',
      native: false
    },
    {
      column: 10,
      file: 'node:internal/modules/cjs/loader',
      function: 'Module._extensions..js',
      line: 1551,
      method: '.js',
      native: false
    },
    {
      column: 32,
      file: 'node:internal/modules/cjs/loader',
      function: 'Module.load',
      line: 1282,
      method: 'load',
      native: false
    },
    {
      column: 12,
      file: 'node:internal/modules/cjs/loader',
      function: 'Module._load',
      line: 1098,
      method: '_load',
      native: false
    },
    {
      column: 14,
      file: 'node:diagnostics_channel',
      function: 'TracingChannel.traceSync',
      line: 315,
      method: 'traceSync',
      native: false
    },
    {
      column: 24,
      file: 'node:internal/modules/cjs/loader',
      function: 'wrapModuleLoad',
      line: 215,
      method: null,
      native: false
    },
    {
      column: 12,
      file: 'node:internal/modules/cjs/loader',
      function: 'Module.require',
      line: 1304,
      method: 'require',
      native: false
    },
    {
      column: 16,
      file: 'node:internal/modules/helpers',
      function: 'require',
      line: 123,
      method: null,
      native: false
    },
    {
      column: 15,
      file: 'C:\\Users\\gulka\\Documents\\VSC\\libraryApi\\startup\\routes.js',
      function: null,
      line: 2,
      method: null,
      native: false
    }
  ],
  timestamp: 'Jul-06-2024 17:27:39'
}
{
  error: ReferenceError: config is not defined
      at Object.<anonymous> (C:\Users\gulka\Documents\VSC\libraryApi\models\books.js:6:22)
      at Module._compile (node:internal/modules/cjs/loader:1467:14)
      at Module._extensions..js (node:internal/modules/cjs/loader:1551:10)
      at Module.load (node:internal/modules/cjs/loader:1282:32)
      at Module._load (node:internal/modules/cjs/loader:1098:12)
      at TracingChannel.traceSync (node:diagnostics_channel:315:14)
      at wrapModuleLoad (node:internal/modules/cjs/loader:215:24)
      at Module.require (node:internal/modules/cjs/loader:1304:12)
      at require (node:internal/modules/helpers:123:16)
      at Object.<anonymous> (C:\Users\gulka\Documents\VSC\libraryApi\routes\books.js:11:39),
  level: 'error',
  message: 'uncaughtException: config is not defined\n' +
    'ReferenceError: config is not defined\n' +
    '    at Object.<anonymous> (C:\\Users\\gulka\\Documents\\VSC\\libraryApi\\models\\books.js:6:22)\n' +
    '    at Module._compile (node:internal/modules/cjs/loader:1467:14)\n' +
    '    at Module._extensions..js (node:internal/modules/cjs/loader:1551:10)\n' +
    '    at Module.load (node:internal/modules/cjs/loader:1282:32)\n' +
    '    at Module._load (node:internal/modules/cjs/loader:1098:12)\n' +
    '    at TracingChannel.traceSync (node:diagnostics_channel:315:14)\n' +
    '    at wrapModuleLoad (node:internal/modules/cjs/loader:215:24)\n' +
    '    at Module.require (node:internal/modules/cjs/loader:1304:12)\n' +
    '    at require (node:internal/modules/helpers:123:16)\n' +
    '    at Object.<anonymous> (C:\\Users\\gulka\\Documents\\VSC\\libraryApi\\routes\\books.js:11:39)',
  stack: 'ReferenceError: config is not defined\n' +
    '    at Object.<anonymous> (C:\\Users\\gulka\\Documents\\VSC\\libraryApi\\models\\books.js:6:22)\n' +
    '    at Module._compile (node:internal/modules/cjs/loader:1467:14)\n' +
    '    at Module._extensions..js (node:internal/modules/cjs/loader:1551:10)\n' +
    '    at Module.load (node:internal/modules/cjs/loader:1282:32)\n' +
    '    at Module._load (node:internal/modules/cjs/loader:1098:12)\n' +
    '    at TracingChannel.traceSync (node:diagnostics_channel:315:14)\n' +
    '    at wrapModuleLoad (node:internal/modules/cjs/loader:215:24)\n' +
    '    at Module.require (node:internal/modules/cjs/loader:1304:12)\n' +
    '    at require (node:internal/modules/helpers:123:16)\n' +
    '    at Object.<anonymous> (C:\\Users\\gulka\\Documents\\VSC\\libraryApi\\routes\\books.js:11:39)',
  exception: true,
  date: 'Sat Jul 06 2024 17:27:43 GMT+0300 (GMT+03:00)',
  process: {
    pid: 29240,
    uid: null,
    gid: null,
    cwd: 'C:\\Users\\gulka\\Documents\\VSC\\libraryApi',
    execPath: 'C:\\Program Files\\nodejs\\node.exe',
    version: 'v22.4.0',
    argv: [
      'C:\\Program Files\\nodejs\\node.exe',
      'C:\\Users\\gulka\\Documents\\VSC\\libraryApi\\app.js'
    ],
    memoryUsage: {
      rss: 88010752,
      heapTotal: 62775296,
      heapUsed: 38091728,
      external: 38795336,
      arrayBuffers: 36508199
    }
  },
  os: { loadavg: [ 0, 0, 0 ], uptime: 15538.078 },
  trace: [
    {
      column: 22,
      file: 'C:\\Users\\gulka\\Documents\\VSC\\libraryApi\\models\\books.js',
      function: null,
      line: 6,
      method: null,
      native: false
    },
    {
      column: 14,
      file: 'node:internal/modules/cjs/loader',
      function: 'Module._compile',
      line: 1467,
      method: '_compile',
      native: false
    },
    {
      column: 10,
      file: 'node:internal/modules/cjs/loader',
      function: 'Module._extensions..js',
      line: 1551,
      method: '.js',
      native: false
    },
    {
      column: 32,
      file: 'node:internal/modules/cjs/loader',
      function: 'Module.load',
      line: 1282,
      method: 'load',
      native: false
    },
    {
      column: 12,
      file: 'node:internal/modules/cjs/loader',
      function: 'Module._load',
      line: 1098,
      method: '_load',
      native: false
    },
    {
      column: 14,
      file: 'node:diagnostics_channel',
      function: 'TracingChannel.traceSync',
      line: 315,
      method: 'traceSync',
      native: false
    },
    {
      column: 24,
      file: 'node:internal/modules/cjs/loader',
      function: 'wrapModuleLoad',
      line: 215,
      method: null,
      native: false
    },
    {
      column: 12,
      file: 'node:internal/modules/cjs/loader',
      function: 'Module.require',
      line: 1304,
      method: 'require',
      native: false
    },
    {
      column: 16,
      file: 'node:internal/modules/helpers',
      function: 'require',
      line: 123,
      method: null,
      native: false
    },
    {
      column: 39,
      file: 'C:\\Users\\gulka\\Documents\\VSC\\libraryApi\\routes\\books.js',
      function: null,
      line: 11,
      method: null,
      native: false
    }
  ],
  timestamp: 'Jul-06-2024 17:27:43'
}
{
  level: 'error',
  message: "Cannot read properties of undefined (reading 'filename') Cannot read properties of undefined (reading 'filename')",
  stack: "TypeError: Cannot read properties of undefined (reading 'filename')\n" +
    '    at C:\\Users\\gulka\\Documents\\VSC\\libraryApi\\routes\\books.js:60:29\n' +
    '    at newFn (C:\\Users\\gulka\\Documents\\VSC\\libraryApi\\node_modules\\express-async-errors\\index.js:16:20)\n' +
    '    at Layer.handle [as handle_request] (C:\\Users\\gulka\\Documents\\VSC\\libraryApi\\node_modules\\express\\lib\\router\\layer.js:95:5)\n' +
    '    at next (C:\\Users\\gulka\\Documents\\VSC\\libraryApi\\node_modules\\express\\lib\\router\\route.js:144:13)\n' +
    '    at done (C:\\Users\\gulka\\Documents\\VSC\\libraryApi\\node_modules\\multer\\lib\\make-middleware.js:45:7)\n' +
    '    at indicateDone (C:\\Users\\gulka\\Documents\\VSC\\libraryApi\\node_modules\\multer\\lib\\make-middleware.js:49:68)\n' +
    '    at Multipart.<anonymous> (C:\\Users\\gulka\\Documents\\VSC\\libraryApi\\node_modules\\multer\\lib\\make-middleware.js:166:7)\n' +
    '    at Multipart.emit (node:events:520:28)\n' +
    '    at emitCloseNT (node:internal/streams/destroy:148:10)\n' +
    '    at process.processTicksAndRejections (node:internal/process/task_queues:81:21)',
  timestamp: 'Jul-06-2024 17:28:28'
}
{
  error: MongooseServerSelectionError: Could not connect to any servers in your MongoDB Atlas cluster. One common reason is that you're trying to access the database from an IP that isn't whitelisted. Make sure your current IP address is on your Atlas cluster's IP whitelist: https://www.mongodb.com/docs/atlas/security-whitelist/
      at Connection.openUri (C:\Users\gulka\Documents\VSC\libraryApi\node_modules\mongoose\lib\connection.js:825:32)
      at C:\Users\gulka\Documents\VSC\libraryApi\node_modules\mongoose\lib\index.js:414:10
      at C:\Users\gulka\Documents\VSC\libraryApi\node_modules\mongoose\lib\helpers\promiseOrCallback.js:41:5
      at new Promise (<anonymous>)
      at promiseOrCallback (C:\Users\gulka\Documents\VSC\libraryApi\node_modules\mongoose\lib\helpers\promiseOrCallback.js:40:10)
      at Mongoose._promiseOrCallback (C:\Users\gulka\Documents\VSC\libraryApi\node_modules\mongoose\lib\index.js:1290:10)
      at Mongoose.connect (C:\Users\gulka\Documents\VSC\libraryApi\node_modules\mongoose\lib\index.js:413:20)
      at module.exports (C:\Users\gulka\Documents\VSC\libraryApi\startup\db.js:13:10)
      at Object.<anonymous> (C:\Users\gulka\Documents\VSC\libraryApi\app.js:9:24)
      at Module._compile (node:internal/modules/cjs/loader:1467:14) {
    reason: TopologyDescription {
      type: 'ReplicaSetNoPrimary',
      servers: Map(3) {
        'ac-p7fuvea-shard-00-01.ehcdfaf.mongodb.net:27017' => ServerDescription {
          address: 'ac-p7fuvea-shard-00-01.ehcdfaf.mongodb.net:27017',
          type: 'Unknown',
          hosts: [],
          passives: [],
          arbiters: [],
          tags: {},
          minWireVersion: 0,
          maxWireVersion: 0,
          roundTripTime: -1,
          lastUpdateTime: 7378631,
          lastWriteDate: 0,
          error: MongoNetworkError: 60230000:error:0A000438:SSL routines:ssl3_read_bytes:tlsv1 alert internal error:c:\ws\deps\openssl\openssl\ssl\record\rec_layer_s3.c:1590:SSL alert number 80
          
              at connectionFailureError (C:\Users\gulka\Documents\VSC\libraryApi\node_modules\mongodb\lib\cmap\connect.js:387:20)
              at TLSSocket.<anonymous> (C:\Users\gulka\Documents\VSC\libraryApi\node_modules\mongodb\lib\cmap\connect.js:310:22)
              at Object.onceWrapper (node:events:635:26)
              at TLSSocket.emit (node:events:520:28)
              at emitErrorNT (node:internal/streams/destroy:170:8)
              at emitErrorCloseNT (node:internal/streams/destroy:129:3)
              at process.processTicksAndRejections (node:internal/process/task_queues:82:21) {
            cause: [Error: 60230000:error:0A000438:SSL routines:ssl3_read_bytes:tlsv1 alert internal error:c:\ws\deps\openssl\openssl\ssl\record\rec_layer_s3.c:1590:SSL alert number 80
            ] {
              library: 'SSL routines',
              reason: 'tlsv1 alert internal error',
              code: 'ERR_SSL_TLSV1_ALERT_INTERNAL_ERROR'
            },
            [Symbol(errorLabels)]: Set(1) { 'ResetPool' }
          },
          topologyVersion: null,
          setName: null,
          setVersion: null,
          electionId: null,
          logicalSessionTimeoutMinutes: null,
          primary: null,
          me: null,
          '$clusterTime': null
        },
        'ac-p7fuvea-shard-00-02.ehcdfaf.mongodb.net:27017' => ServerDescription {
          address: 'ac-p7fuvea-shard-00-02.ehcdfaf.mongodb.net:27017',
          type: 'Unknown',
          hosts: [],
          passives: [],
          arbiters: [],
          tags: {},
          minWireVersion: 0,
          maxWireVersion: 0,
          roundTripTime: -1,
          lastUpdateTime: 7379012,
          lastWriteDate: 0,
          error: MongoNetworkError: 60230000:error:0A000438:SSL routines:ssl3_read_bytes:tlsv1 alert internal error:c:\ws\deps\openssl\openssl\ssl\record\rec_layer_s3.c:1590:SSL alert number 80
          
              at connectionFailureError (C:\Users\gulka\Documents\VSC\libraryApi\node_modules\mongodb\lib\cmap\connect.js:387:20)
              at TLSSocket.<anonymous> (C:\Users\gulka\Documents\VSC\libraryApi\node_modules\mongodb\lib\cmap\connect.js:310:22)
              at Object.onceWrapper (node:events:635:26)
              at TLSSocket.emit (node:events:520:28)
              at emitErrorNT (node:internal/streams/destroy:170:8)
              at emitErrorCloseNT (node:internal/streams/destroy:129:3)
              at process.processTicksAndRejections (node:internal/process/task_queues:82:21) {
            cause: [Error: 60230000:error:0A000438:SSL routines:ssl3_read_bytes:tlsv1 alert internal error:c:\ws\deps\openssl\openssl\ssl\record\rec_layer_s3.c:1590:SSL alert number 80
            ] {
              library: 'SSL routines',
              reason: 'tlsv1 alert internal error',
              code: 'ERR_SSL_TLSV1_ALERT_INTERNAL_ERROR'
            },
            [Symbol(errorLabels)]: Set(1) { 'ResetPool' }
          },
          topologyVersion: null,
          setName: null,
          setVersion: null,
          electionId: null,
          logicalSessionTimeoutMinutes: null,
          primary: null,
          me: null,
          '$clusterTime': null
        },
        'ac-p7fuvea-shard-00-00.ehcdfaf.mongodb.net:27017' => ServerDescription {
          address: 'ac-p7fuvea-shard-00-00.ehcdfaf.mongodb.net:27017',
          type: 'Unknown',
          hosts: [],
          passives: [],
          arbiters: [],
          tags: {},
          minWireVersion: 0,
          maxWireVersion: 0,
          roundTripTime: -1,
          lastUpdateTime: 7378665,
          lastWriteDate: 0,
          error: MongoNetworkError: 60230000:error:0A000438:SSL routines:ssl3_read_bytes:tlsv1 alert internal error:c:\ws\deps\openssl\openssl\ssl\record\rec_layer_s3.c:1590:SSL alert number 80
          
              at connectionFailureError (C:\Users\gulka\Documents\VSC\libraryApi\node_modules\mongodb\lib\cmap\connect.js:387:20)
              at TLSSocket.<anonymous> (C:\Users\gulka\Documents\VSC\libraryApi\node_modules\mongodb\lib\cmap\connect.js:310:22)
              at Object.onceWrapper (node:events:635:26)
              at TLSSocket.emit (node:events:520:28)
              at emitErrorNT (node:internal/streams/destroy:170:8)
              at emitErrorCloseNT (node:internal/streams/destroy:129:3)
              at process.processTicksAndRejections (node:internal/process/task_queues:82:21) {
            cause: [Error: 60230000:error:0A000438:SSL routines:ssl3_read_bytes:tlsv1 alert internal error:c:\ws\deps\openssl\openssl\ssl\record\rec_layer_s3.c:1590:SSL alert number 80
            ] {
              library: 'SSL routines',
              reason: 'tlsv1 alert internal error',
              code: 'ERR_SSL_TLSV1_ALERT_INTERNAL_ERROR'
            },
            [Symbol(errorLabels)]: Set(1) { 'ResetPool' }
          },
          topologyVersion: null,
          setName: null,
          setVersion: null,
          electionId: null,
          logicalSessionTimeoutMinutes: null,
          primary: null,
          me: null,
          '$clusterTime': null
        }
      },
      stale: false,
      compatible: true,
      heartbeatFrequencyMS: 10000,
      localThresholdMS: 15,
      setName: 'atlas-12nq08-shard-0',
      maxElectionId: null,
      maxSetVersion: null,
      commonWireVersion: 0,
      logicalSessionTimeoutMinutes: null
    },
    code: undefined
  },
  level: 'error',
  message: "unhandledRejection: Could not connect to any servers in your MongoDB Atlas cluster. One common reason is that you're trying to access the database from an IP that isn't whitelisted. Make sure your current IP address is on your Atlas cluster's IP whitelist: https://www.mongodb.com/docs/atlas/security-whitelist/\n" +
    "MongooseServerSelectionError: Could not connect to any servers in your MongoDB Atlas cluster. One common reason is that you're trying to access the database from an IP that isn't whitelisted. Make sure your current IP address is on your Atlas cluster's IP whitelist: https://www.mongodb.com/docs/atlas/security-whitelist/\n" +
    '    at Connection.openUri (C:\\Users\\gulka\\Documents\\VSC\\libraryApi\\node_modules\\mongoose\\lib\\connection.js:825:32)\n' +
    '    at C:\\Users\\gulka\\Documents\\VSC\\libraryApi\\node_modules\\mongoose\\lib\\index.js:414:10\n' +
    '    at C:\\Users\\gulka\\Documents\\VSC\\libraryApi\\node_modules\\mongoose\\lib\\helpers\\promiseOrCallback.js:41:5\n' +
    '    at new Promise (<anonymous>)\n' +
    '    at promiseOrCallback (C:\\Users\\gulka\\Documents\\VSC\\libraryApi\\node_modules\\mongoose\\lib\\helpers\\promiseOrCallback.js:40:10)\n' +
    '    at Mongoose._promiseOrCallback (C:\\Users\\gulka\\Documents\\VSC\\libraryApi\\node_modules\\mongoose\\lib\\index.js:1290:10)\n' +
    '    at Mongoose.connect (C:\\Users\\gulka\\Documents\\VSC\\libraryApi\\node_modules\\mongoose\\lib\\index.js:413:20)\n' +
    '    at module.exports (C:\\Users\\gulka\\Documents\\VSC\\libraryApi\\startup\\db.js:13:10)\n' +
    '    at Object.<anonymous> (C:\\Users\\gulka\\Documents\\VSC\\libraryApi\\app.js:9:24)\n' +
    '    at Module._compile (node:internal/modules/cjs/loader:1467:14)',
  stack: "MongooseServerSelectionError: Could not connect to any servers in your MongoDB Atlas cluster. One common reason is that you're trying to access the database from an IP that isn't whitelisted. Make sure your current IP address is on your Atlas cluster's IP whitelist: https://www.mongodb.com/docs/atlas/security-whitelist/\n" +
    '    at Connection.openUri (C:\\Users\\gulka\\Documents\\VSC\\libraryApi\\node_modules\\mongoose\\lib\\connection.js:825:32)\n' +
    '    at C:\\Users\\gulka\\Documents\\VSC\\libraryApi\\node_modules\\mongoose\\lib\\index.js:414:10\n' +
    '    at C:\\Users\\gulka\\Documents\\VSC\\libraryApi\\node_modules\\mongoose\\lib\\helpers\\promiseOrCallback.js:41:5\n' +
    '    at new Promise (<anonymous>)\n' +
    '    at promiseOrCallback (C:\\Users\\gulka\\Documents\\VSC\\libraryApi\\node_modules\\mongoose\\lib\\helpers\\promiseOrCallback.js:40:10)\n' +
    '    at Mongoose._promiseOrCallback (C:\\Users\\gulka\\Documents\\VSC\\libraryApi\\node_modules\\mongoose\\lib\\index.js:1290:10)\n' +
    '    at Mongoose.connect (C:\\Users\\gulka\\Documents\\VSC\\libraryApi\\node_modules\\mongoose\\lib\\index.js:413:20)\n' +
    '    at module.exports (C:\\Users\\gulka\\Documents\\VSC\\libraryApi\\startup\\db.js:13:10)\n' +
    '    at Object.<anonymous> (C:\\Users\\gulka\\Documents\\VSC\\libraryApi\\app.js:9:24)\n' +
    '    at Module._compile (node:internal/modules/cjs/loader:1467:14)',
  exception: true,
  date: 'Mon Aug 05 2024 14:06:23 GMT+0300 (GMT+03:00)',
  process: {
    pid: 21016,
    uid: null,
    gid: null,
    cwd: 'C:\\Users\\gulka\\Documents\\VSC\\libraryApi',
    execPath: 'C:\\Program Files\\nodejs\\node.exe',
    version: 'v22.4.0',
    argv: [
      'C:\\Program Files\\nodejs\\node.exe',
      'C:\\Users\\gulka\\Documents\\VSC\\libraryApi\\app.js'
    ],
    memoryUsage: {
      rss: 82886656,
      heapTotal: 35667968,
      heapUsed: 32541696,
      external: 38825457,
      arrayBuffers: 36508199
    }
  },
  os: { loadavg: [ 0, 0, 0 ], uptime: 7379.203 },
  trace: [
    {
      column: 32,
      file: 'C:\\Users\\gulka\\Documents\\VSC\\libraryApi\\node_modules\\mongoose\\lib\\connection.js',
      function: 'Connection.openUri',
      line: 825,
      method: 'openUri',
      native: false
    },
    {
      column: 10,
      file: 'C:\\Users\\gulka\\Documents\\VSC\\libraryApi\\node_modules\\mongoose\\lib\\index.js',
      function: null,
      line: 414,
      method: null,
      native: false
    },
    {
      column: 5,
      file: 'C:\\Users\\gulka\\Documents\\VSC\\libraryApi\\node_modules\\mongoose\\lib\\helpers\\promiseOrCallback.js',
      function: null,
      line: 41,
      method: null,
      native: false
    },
    {
      column: null,
      file: null,
      function: 'new Promise',
      line: null,
      method: null,
      native: false
    },
    {
      column: 10,
      file: 'C:\\Users\\gulka\\Documents\\VSC\\libraryApi\\node_modules\\mongoose\\lib\\helpers\\promiseOrCallback.js',
      function: 'promiseOrCallback',
      line: 40,
      method: null,
      native: false
    },
    {
      column: 10,
      file: 'C:\\Users\\gulka\\Documents\\VSC\\libraryApi\\node_modules\\mongoose\\lib\\index.js',
      function: 'Mongoose._promiseOrCallback',
      line: 1290,
      method: '_promiseOrCallback',
      native: false
    },
    {
      column: 20,
      file: 'C:\\Users\\gulka\\Documents\\VSC\\libraryApi\\node_modules\\mongoose\\lib\\index.js',
      function: 'Mongoose.connect',
      line: 413,
      method: 'connect',
      native: false
    },
    {
      column: 10,
      file: 'C:\\Users\\gulka\\Documents\\VSC\\libraryApi\\startup\\db.js',
      function: 'module.exports',
      line: 13,
      method: 'exports',
      native: false
    },
    {
      column: 24,
      file: 'C:\\Users\\gulka\\Documents\\VSC\\libraryApi\\app.js',
      function: null,
      line: 9,
      method: null,
      native: false
    },
    {
      column: 14,
      file: 'node:internal/modules/cjs/loader',
      function: 'Module._compile',
      line: 1467,
      method: '_compile',
      native: false
    }
  ],
  timestamp: 'Aug-05-2024 14:06:23'
}
