{
  level: 'error',
  message: "Cannot read properties of undefined (reading 'filename') Cannot read properties of undefined (reading 'filename')",
  stack: "TypeError: Cannot read properties of undefined (reading 'filename')\n" +
    '    at C:\\Users\\gulka\\Documents\\VSC\\libraryApi\\routes\\books.js:54:29\n' +
    '    at newFn (C:\\Users\\gulka\\Documents\\VSC\\libraryApi\\node_modules\\express-async-errors\\index.js:16:20)\n' +
    '    at Layer.handle [as handle_request] (C:\\Users\\gulka\\Documents\\VSC\\libraryApi\\node_modules\\express\\lib\\router\\layer.js:95:5)\n' +
    '    at next (C:\\Users\\gulka\\Documents\\VSC\\libraryApi\\node_modules\\express\\lib\\router\\route.js:144:13)\n' +
    '    at done (C:\\Users\\gulka\\Documents\\VSC\\libraryApi\\node_modules\\multer\\lib\\make-middleware.js:45:7)\n' +
    '    at indicateDone (C:\\Users\\gulka\\Documents\\VSC\\libraryApi\\node_modules\\multer\\lib\\make-middleware.js:49:68)\n' +
    '    at Multipart.<anonymous> (C:\\Users\\gulka\\Documents\\VSC\\libraryApi\\node_modules\\multer\\lib\\make-middleware.js:166:7)\n' +
    '    at Multipart.emit (node:events:520:28)\n' +
    '    at emitCloseNT (node:internal/streams/destroy:148:10)\n' +
    '    at process.processTicksAndRejections (node:internal/process/task_queues:81:21)',
  timestamp: 'Jul-06-2024 17:15:35'
}
{
  level: 'error',
  message: "Cannot read properties of undefined (reading 'filename') Cannot read properties of undefined (reading 'filename')",
  stack: "TypeError: Cannot read properties of undefined (reading 'filename')\n" +
    '    at C:\\Users\\gulka\\Documents\\VSC\\libraryApi\\routes\\books.js:54:29\n' +
    '    at newFn (C:\\Users\\gulka\\Documents\\VSC\\libraryApi\\node_modules\\express-async-errors\\index.js:16:20)\n' +
    '    at Layer.handle [as handle_request] (C:\\Users\\gulka\\Documents\\VSC\\libraryApi\\node_modules\\express\\lib\\router\\layer.js:95:5)\n' +
    '    at next (C:\\Users\\gulka\\Documents\\VSC\\libraryApi\\node_modules\\express\\lib\\router\\route.js:144:13)\n' +
    '    at done (C:\\Users\\gulka\\Documents\\VSC\\libraryApi\\node_modules\\multer\\lib\\make-middleware.js:45:7)\n' +
    '    at indicateDone (C:\\Users\\gulka\\Documents\\VSC\\libraryApi\\node_modules\\multer\\lib\\make-middleware.js:49:68)\n' +
    '    at Multipart.<anonymous> (C:\\Users\\gulka\\Documents\\VSC\\libraryApi\\node_modules\\multer\\lib\\make-middleware.js:166:7)\n' +
    '    at Multipart.emit (node:events:520:28)\n' +
    '    at emitCloseNT (node:internal/streams/destroy:148:10)\n' +
    '    at process.processTicksAndRejections (node:internal/process/task_queues:81:21)',
  timestamp: 'Jul-06-2024 17:16:19'
}
{
  level: 'error',
  message: "Cannot read properties of undefined (reading 'filename') Cannot read properties of undefined (reading 'filename')",
  stack: "TypeError: Cannot read properties of undefined (reading 'filename')\n" +
    '    at C:\\Users\\gulka\\Documents\\VSC\\libraryApi\\routes\\books.js:44:17\n' +
    '    at newFn (C:\\Users\\gulka\\Documents\\VSC\\libraryApi\\node_modules\\express-async-errors\\index.js:16:20)\n' +
    '    at Layer.handle [as handle_request] (C:\\Users\\gulka\\Documents\\VSC\\libraryApi\\node_modules\\express\\lib\\router\\layer.js:95:5)\n' +
    '    at next (C:\\Users\\gulka\\Documents\\VSC\\libraryApi\\node_modules\\express\\lib\\router\\route.js:144:13)\n' +
    '    at done (C:\\Users\\gulka\\Documents\\VSC\\libraryApi\\node_modules\\multer\\lib\\make-middleware.js:45:7)\n' +
    '    at indicateDone (C:\\Users\\gulka\\Documents\\VSC\\libraryApi\\node_modules\\multer\\lib\\make-middleware.js:49:68)\n' +
    '    at Multipart.<anonymous> (C:\\Users\\gulka\\Documents\\VSC\\libraryApi\\node_modules\\multer\\lib\\make-middleware.js:166:7)\n' +
    '    at Multipart.emit (node:events:520:28)\n' +
    '    at emitCloseNT (node:internal/streams/destroy:148:10)\n' +
    '    at process.processTicksAndRejections (node:internal/process/task_queues:81:21)',
  timestamp: 'Jul-06-2024 17:17:19'
}
{
  level: 'error',
  message: "Cannot read properties of undefined (reading 'filename') Cannot read properties of undefined (reading 'filename')",
  stack: "TypeError: Cannot read properties of undefined (reading 'filename')\n" +
    '    at C:\\Users\\gulka\\Documents\\VSC\\libraryApi\\routes\\books.js:60:29\n' +
    '    at newFn (C:\\Users\\gulka\\Documents\\VSC\\libraryApi\\node_modules\\express-async-errors\\index.js:16:20)\n' +
    '    at Layer.handle [as handle_request] (C:\\Users\\gulka\\Documents\\VSC\\libraryApi\\node_modules\\express\\lib\\router\\layer.js:95:5)\n' +
    '    at next (C:\\Users\\gulka\\Documents\\VSC\\libraryApi\\node_modules\\express\\lib\\router\\route.js:144:13)\n' +
    '    at done (C:\\Users\\gulka\\Documents\\VSC\\libraryApi\\node_modules\\multer\\lib\\make-middleware.js:45:7)\n' +
    '    at indicateDone (C:\\Users\\gulka\\Documents\\VSC\\libraryApi\\node_modules\\multer\\lib\\make-middleware.js:49:68)\n' +
    '    at Multipart.<anonymous> (C:\\Users\\gulka\\Documents\\VSC\\libraryApi\\node_modules\\multer\\lib\\make-middleware.js:166:7)\n' +
    '    at Multipart.emit (node:events:520:28)\n' +
    '    at emitCloseNT (node:internal/streams/destroy:148:10)\n' +
    '    at process.processTicksAndRejections (node:internal/process/task_queues:81:21)',
  timestamp: 'Jul-06-2024 17:28:28'
}
